Log file open, 01/01/23 17:41:55
LogWindows: Failed to load 'aqProf.dll' (GetLastError=126)
LogWindows: File 'aqProf.dll' does not exist
LogWindows: Failed to load 'VtuneApi.dll' (GetLastError=126)
LogWindows: File 'VtuneApi.dll' does not exist
LogWindows: Failed to load 'VtuneApi32e.dll' (GetLastError=126)
LogWindows: File 'VtuneApi32e.dll' does not exist
LogConsoleResponse: Display: Failed to find resolution value strings in scalability ini. Falling back to default.
LogConsoleResponse: Display: Failed to find resolution value strings in scalability ini. Falling back to default.
LogInit: Display: Running engine for game: UE4_BP_01
LogPlatformFile: Not using cached read wrapper
LogTaskGraph: Started task graph with 5 named threads and 20 total threads with 3 sets of task threads.
LogStats: Stats thread started at 0.223400
LogICUInternationalization: ICU TimeZone Detection - Raw Offset: +9:00, Platform Override: ''
LogInit: Display: Loading text-based GConfig....
LogPluginManager: Mounting plugin MeshPainting
LogPluginManager: Mounting plugin XGEController
LogPluginManager: Mounting plugin Paper2D
LogPluginManager: Mounting plugin EnvironmentQueryEditor
LogPluginManager: Mounting plugin AISupport
LogPluginManager: Mounting plugin LightPropagationVolume
LogPluginManager: Mounting plugin CameraShakePreviewer
LogPluginManager: Mounting plugin GameplayCameras
LogPluginManager: Mounting plugin OodleNetwork
LogPluginManager: Mounting plugin AssetManagerEditor
LogPluginManager: Mounting plugin AnimationSharing
LogPluginManager: Mounting plugin CryptoKeys
LogPluginManager: Mounting plugin CurveEditorTools
LogPluginManager: Mounting plugin DataValidation
LogPluginManager: Mounting plugin FacialAnimation
LogPluginManager: Mounting plugin GameplayTagsEditor
LogPluginManager: Mounting plugin GeometryMode
LogPluginManager: Mounting plugin MacGraphicsSwitching
LogPluginManager: Mounting plugin MaterialAnalyzer
LogPluginManager: Mounting plugin PluginBrowser
LogPluginManager: Mounting plugin MobileLauncherProfileWizard
LogPluginManager: Mounting plugin SpeedTreeImporter
LogPluginManager: Mounting plugin CodeLiteSourceCodeAccess
LogPluginManager: Mounting plugin CLionSourceCodeAccess
LogPluginManager: Mounting plugin GitSourceControl
LogPluginManager: Mounting plugin KDevelopSourceCodeAccess
LogPluginManager: Mounting plugin NullSourceCodeAccess
LogPluginManager: Mounting plugin PerforceSourceControl
LogPluginManager: Mounting plugin PixWinPlugin
LogPluginManager: Mounting plugin PlasticSourceControl
LogPluginManager: Mounting plugin PluginUtils
LogPluginManager: Mounting plugin PropertyAccessNode
LogPluginManager: Mounting plugin RiderSourceCodeAccess
LogPluginManager: Mounting plugin SubversionSourceControl
LogPluginManager: Mounting plugin TextureFormatOodle
LogPluginManager: Mounting plugin UObjectPlugin
LogPluginManager: Mounting plugin VisualStudioCodeSourceCodeAccess
LogPluginManager: Mounting plugin XCodeSourceCodeAccess
LogPluginManager: Mounting plugin VisualStudioSourceCodeAccess
LogPluginManager: Mounting plugin DatasmithContent
LogPluginManager: Mounting plugin Niagara
LogPluginManager: Mounting plugin OodleData
LogPluginManager: Mounting plugin AlembicImporter
LogPluginManager: Mounting plugin AutomationUtils
LogPluginManager: Mounting plugin BackChannel
LogPluginManager: Mounting plugin ChaosCloth
LogPluginManager: Mounting plugin ChaosClothEditor
LogPluginManager: Mounting plugin ChaosEditor
LogPluginManager: Mounting plugin ChaosNiagara
LogPluginManager: Mounting plugin ChaosSolverPlugin
LogPluginManager: Mounting plugin CharacterAI
LogPluginManager: Mounting plugin GeometryCache
LogPluginManager: Mounting plugin VariantManagerContent
LogPluginManager: Mounting plugin GeometryCollectionPlugin
LogPluginManager: Mounting plugin LuminPlatformFeatures
LogPluginManager: Mounting plugin MagicLeap
LogPluginManager: Mounting plugin MagicLeapLightEstimation
LogPluginManager: Mounting plugin MagicLeapMedia
LogPluginManager: Mounting plugin MagicLeapPassableWorld
LogPluginManager: Mounting plugin MLSDK
LogPluginManager: Mounting plugin GeometryProcessing
LogPluginManager: Mounting plugin MotoSynth
LogPluginManager: Mounting plugin OpenImageDenoise
LogPluginManager: Mounting plugin PlanarCut
LogPluginManager: Mounting plugin AndroidMedia
LogPluginManager: Mounting plugin PlatformCrypto
LogPluginManager: Mounting plugin ProxyLODPlugin
LogPluginManager: Mounting plugin PythonScriptPlugin
LogPluginManager: Mounting plugin SkeletalReduction
LogPluginManager: Mounting plugin AvfMedia
LogPluginManager: Mounting plugin ImgMedia
LogPluginManager: Mounting plugin MediaCompositing
LogPluginManager: Mounting plugin MediaPlayerEditor
LogPluginManager: Mounting plugin WebMMedia
LogPluginManager: Mounting plugin WmfMedia
LogPluginManager: Mounting plugin TcpMessaging
LogPluginManager: Mounting plugin UdpMessaging
LogPluginManager: Mounting plugin ActorSequence
LogPluginManager: Mounting plugin LevelSequenceEditor
LogPluginManager: Mounting plugin MatineeToLevelSequence
LogPluginManager: Mounting plugin TemplateSequence
LogPluginManager: Mounting plugin OnlineSubsystem
LogPluginManager: Mounting plugin OnlineSubsystemNull
LogPluginManager: Mounting plugin OnlineSubsystemUtils
LogPluginManager: Mounting plugin LauncherChunkInstaller
LogPluginManager: Mounting plugin ActorLayerUtilities
LogPluginManager: Mounting plugin AndroidDeviceProfileSelector
LogPluginManager: Mounting plugin AndroidMoviePlayer
LogPluginManager: Mounting plugin AndroidPermission
LogPluginManager: Mounting plugin AppleImageUtils
LogPluginManager: Mounting plugin AppleMoviePlayer
LogPluginManager: Mounting plugin ArchVisCharacter
LogPluginManager: Mounting plugin AssetTags
LogPluginManager: Mounting plugin AudioCapture
LogPluginManager: Mounting plugin AudioSynesthesia
LogPluginManager: Mounting plugin CableComponent
LogPluginManager: Mounting plugin ChunkDownloader
LogPluginManager: Mounting plugin CustomMeshComponent
LogPluginManager: Mounting plugin EditableMesh
LogPluginManager: Mounting plugin ExampleDeviceProfileSelector
LogPluginManager: Mounting plugin GoogleCloudMessaging
LogPluginManager: Mounting plugin GooglePAD
LogPluginManager: Mounting plugin IOSDeviceProfileSelector
LogPluginManager: Mounting plugin LinuxDeviceProfileSelector
LogPluginManager: Mounting plugin LocationServicesBPLibrary
LogPluginManager: Mounting plugin MobilePatchingUtils
LogPluginManager: Mounting plugin OpenXR
LogPluginManager: Mounting plugin OpenXREyeTracker
LogPluginManager: Mounting plugin OpenXRHandTracking
LogPluginManager: Mounting plugin ScreenshotTools
LogPluginManager: Mounting plugin PhysXVehicles
LogPluginManager: Mounting plugin PostSplashScreen
LogPluginManager: Mounting plugin ProceduralMeshComponent
LogPluginManager: Mounting plugin PropertyAccessEditor
LogPluginManager: Mounting plugin RuntimePhysXCooking
LogPluginManager: Mounting plugin SignificanceManager
LogPluginManager: Mounting plugin SoundFields
LogPluginManager: Mounting plugin Synthesis
LogPluginManager: Mounting plugin WebMMoviePlayer
LogPluginManager: Mounting plugin WindowsMoviePlayer
LogPluginManager: Mounting plugin Takes
LogPluginManager: Mounting plugin LiveLink
LogPluginManager: Mounting plugin ContentBrowserFileDataSource
LogPluginManager: Mounting plugin ContentBrowserClassDataSource
LogPluginManager: Mounting plugin ContentBrowserAssetDataSource
LogPluginManager: Mounting plugin OnlineSubsystemGooglePlay
LogPluginManager: Mounting plugin OnlineSubsystemIOS
LogPluginManager: Mounting plugin OculusVR
LogPluginManager: Mounting plugin SteamVR
PixWinPlugin: PIX capture plugin failed to initialize! Check that the process is launched from PIX.
LogInit: Using libcurl 7.55.1-DEV
LogInit:  - built for x86_64-pc-win32
LogInit:  - supports SSL with OpenSSL/1.1.1
LogInit:  - supports HTTP deflate (compression) using libz 1.2.8
LogInit:  - other features:
LogInit:      CURL_VERSION_SSL
LogInit:      CURL_VERSION_LIBZ
LogInit:      CURL_VERSION_IPV6
LogInit:      CURL_VERSION_ASYNCHDNS
LogInit:      CURL_VERSION_LARGEFILE
LogInit:      CURL_VERSION_IDN
LogInit:  CurlRequestOptions (configurable via config and command line):
LogInit:  - bVerifyPeer = true  - Libcurl will verify peer certificate
LogInit:  - bUseHttpProxy = false  - Libcurl will NOT use HTTP proxy
LogInit:  - bDontReuseConnections = false  - Libcurl will reuse connections
LogInit:  - MaxHostConnections = 16  - Libcurl will limit the number of connections to a host
LogInit:  - LocalHostAddr = Default
LogInit:  - BufferSize = 65536
LogOnline: OSS: Creating online subsystem instance for: NULL
LogInit: WinSock: version 1.1 (2.2), MaxSocks=32767, MaxUdp=65467
LogOnline: OSS: TryLoadSubsystemAndSetDefault: Loaded subsystem for module [NULL]
LogOculusPluginWrapper: OculusPlugin initialized successfully
LogHMD: Failed initializing OVRPlugin 1.59.0
LogInit: Build: ++UE4+Release-4.27-CL-18319896
LogInit: Engine Version: 4.27.2-18319896+++UE4+Release-4.27
LogInit: Compatible Engine Version: 4.27.0-17155196+++UE4+Release-4.27
LogInit: Net CL: 17155196
LogInit: OS: Windows 10 (Release 2009) (), CPU: Intel(R) Core(TM) i5-8500 CPU @ 3.00GHz, GPU: NVIDIA GeForce GTX 1060 6GB
LogInit: Compiled (64-bit): Nov 30 2021 07:12:08
LogInit: Compiled with Visual C++: 19.24.28315.00
LogInit: Build Configuration: Development
LogInit: Branch Name: ++UE4+Release-4.27
LogInit: Command Line: 
LogInit: Base Directory: C:/Program Files/Epic Games/UE_4.27/Engine/Binaries/Win64/
LogInit: Allocator: TBB
LogInit: Installed Engine Build: 1
LogDevObjectVersion: Number of dev versions registered: 29
LogDevObjectVersion:   Dev-Blueprints (B0D832E4-1F89-4F0D-ACCF-7EB736FD4AA2): 10
LogDevObjectVersion:   Dev-Build (E1C64328-A22C-4D53-A36C-8E866417BD8C): 0
LogDevObjectVersion:   Dev-Core (375EC13C-06E4-48FB-B500-84F0262A717E): 4
LogDevObjectVersion:   Dev-Editor (E4B068ED-F494-42E9-A231-DA0B2E46BB41): 40
LogDevObjectVersion:   Dev-Framework (CFFC743F-43B0-4480-9391-14DF171D2073): 37
LogDevObjectVersion:   Dev-Mobile (B02B49B5-BB20-44E9-A304-32B752E40360): 3
LogDevObjectVersion:   Dev-Networking (A4E4105C-59A1-49B5-A7C5-40C4547EDFEE): 0
LogDevObjectVersion:   Dev-Online (39C831C9-5AE6-47DC-9A44-9C173E1C8E7C): 0
LogDevObjectVersion:   Dev-Physics (78F01B33-EBEA-4F98-B9B4-84EACCB95AA2): 14
LogDevObjectVersion:   Dev-Platform (6631380F-2D4D-43E0-8009-CF276956A95A): 0
LogDevObjectVersion:   Dev-Rendering (12F88B9F-8875-4AFC-A67C-D90C383ABD29): 45
LogDevObjectVersion:   Dev-Sequencer (7B5AE74C-D270-4C10-A958-57980B212A5A): 13
LogDevObjectVersion:   Dev-VR (D7296918-1DD6-4BDD-9DE2-64A83CC13884): 3
LogDevObjectVersion:   Dev-LoadTimes (C2A15278-BFE7-4AFE-6C17-90FF531DF755): 1
LogDevObjectVersion:   Private-Geometry (6EACA3D4-40EC-4CC1-B786-8BED09428FC5): 3
LogDevObjectVersion:   Dev-AnimPhys (29E575DD-E0A3-4627-9D10-D276232CDCEA): 17
LogDevObjectVersion:   Dev-Anim (AF43A65D-7FD3-4947-9873-3E8ED9C1BB05): 15
LogDevObjectVersion:   Dev-ReflectionCapture (6B266CEC-1EC7-4B8F-A30B-E4D90942FC07): 1
LogDevObjectVersion:   Dev-Automation (0DF73D61-A23F-47EA-B727-89E90C41499A): 1
LogDevObjectVersion:   FortniteMain (601D1886-AC64-4F84-AA16-D3DE0DEAC7D6): 47
LogDevObjectVersion:   FortniteRelease (E7086368-6B23-4C58-8439-1B7016265E91): 1
LogDevObjectVersion:   Dev-Enterprise (9DFFBCD6-494F-0158-E221-12823C92A888): 10
LogDevObjectVersion:   Dev-Niagara (F2AED0AC-9AFE-416F-8664-AA7FFA26D6FC): 1
LogDevObjectVersion:   Dev-Destruction (174F1F0B-B4C6-45A5-B13F-2EE8D0FB917D): 10
LogDevObjectVersion:   Dev-Physics-Ext (35F94A83-E258-406C-A318-09F59610247C): 41
LogDevObjectVersion:   Dev-PhysicsMaterial-Chaos (B68FC16E-8B1B-42E2-B453-215C058844FE): 1
LogDevObjectVersion:   Dev-CineCamera (B2E18506-4273-CFC2-A54E-F4BB758BBA07): 1
LogDevObjectVersion:   Dev-VirtualProduction (64F58936-FD1B-42BA-BA96-7289D5D0FA4E): 1
LogDevObjectVersion:   Dev-MediaFramework (6F0ED827-A609-4895-9C91-998D90180EA4): 2
LogInit: Presizing for max 25165824 objects, including 0 objects not considered by GC, pre-allocating 0 bytes for permanent pool.
LogConfig: Applying CVar settings from Section [/Script/Engine.StreamingSettings] File [C:/Users/ryu/Documents/GitHub/UE4_BP_01/Saved/Config/Windows/Engine.ini]
LogConfig: Setting CVar [[s.MinBulkDataSizeForAsyncLoading:131072]]
LogConfig: Setting CVar [[s.AsyncLoadingThreadEnabled:0]]
LogConfig: Setting CVar [[s.EventDrivenLoaderEnabled:1]]
LogConfig: Setting CVar [[s.WarnIfTimeLimitExceeded:0]]
LogConfig: Setting CVar [[s.TimeLimitExceededMultiplier:1.5]]
LogConfig: Setting CVar [[s.TimeLimitExceededMinTime:0.005]]
LogConfig: Setting CVar [[s.UseBackgroundLevelStreaming:1]]
LogConfig: Setting CVar [[s.PriorityAsyncLoadingExtraTime:15.0]]
LogConfig: Setting CVar [[s.LevelStreamingActorsUpdateTimeLimit:5.0]]
LogConfig: Setting CVar [[s.PriorityLevelStreamingActorsUpdateExtraTime:5.0]]
LogConfig: Setting CVar [[s.LevelStreamingComponentsRegistrationGranularity:10]]
LogConfig: Setting CVar [[s.UnregisterComponentsTimeLimit:1.0]]
LogConfig: Setting CVar [[s.LevelStreamingComponentsUnregistrationGranularity:5]]
LogConfig: Setting CVar [[s.FlushStreamingOnExit:1]]
LogInit: Object subsystem initialized
LogConfig: Setting CVar [[con.DebugEarlyDefault:1]]
LogConfig: Setting CVar [[r.setres:1280x720]]
[2023.01.01-08.41.55:618][  0]LogConfig: Setting CVar [[r.VSync:0]]
[2023.01.01-08.41.55:618][  0]LogConfig: Setting CVar [[r.RHICmdBypass:0]]
[2023.01.01-08.41.55:618][  0]LogConfig: Applying CVar settings from Section [/Script/Engine.RendererSettings] File [C:/Users/ryu/Documents/GitHub/UE4_BP_01/Saved/Config/Windows/Engine.ini]
[2023.01.01-08.41.55:618][  0]LogConfig: Setting CVar [[r.GPUCrashDebugging:0]]
[2023.01.01-08.41.55:618][  0]LogConfig: Applying CVar settings from Section [/Script/Engine.RendererOverrideSettings] File [C:/Users/ryu/Documents/GitHub/UE4_BP_01/Saved/Config/Windows/Engine.ini]
[2023.01.01-08.41.55:618][  0]LogConfig: Applying CVar settings from Section [/Script/Engine.StreamingSettings] File [C:/Users/ryu/Documents/GitHub/UE4_BP_01/Saved/Config/Windows/Engine.ini]
[2023.01.01-08.41.55:618][  0]LogConfig: Setting CVar [[s.MinBulkDataSizeForAsyncLoading:131072]]
[2023.01.01-08.41.55:618][  0]LogConfig: Setting CVar [[s.AsyncLoadingThreadEnabled:0]]
[2023.01.01-08.41.55:618][  0]LogConfig: Setting CVar [[s.EventDrivenLoaderEnabled:1]]
[2023.01.01-08.41.55:618][  0]LogConfig: Setting CVar [[s.WarnIfTimeLimitExceeded:0]]
[2023.01.01-08.41.55:618][  0]LogConfig: Setting CVar [[s.TimeLimitExceededMultiplier:1.5]]
[2023.01.01-08.41.55:618][  0]LogConfig: Setting CVar [[s.TimeLimitExceededMinTime:0.005]]
[2023.01.01-08.41.55:618][  0]LogConfig: Setting CVar [[s.UseBackgroundLevelStreaming:1]]
[2023.01.01-08.41.55:618][  0]LogConfig: Setting CVar [[s.PriorityAsyncLoadingExtraTime:15.0]]
[2023.01.01-08.41.55:618][  0]LogConfig: Setting CVar [[s.LevelStreamingActorsUpdateTimeLimit:5.0]]
[2023.01.01-08.41.55:618][  0]LogConfig: Setting CVar [[s.PriorityLevelStreamingActorsUpdateExtraTime:5.0]]
[2023.01.01-08.41.55:619][  0]LogConfig: Setting CVar [[s.LevelStreamingComponentsRegistrationGranularity:10]]
[2023.01.01-08.41.55:619][  0]LogConfig: Setting CVar [[s.UnregisterComponentsTimeLimit:1.0]]
[2023.01.01-08.41.55:619][  0]LogConfig: Setting CVar [[s.LevelStreamingComponentsUnregistrationGranularity:5]]
[2023.01.01-08.41.55:619][  0]LogConfig: Setting CVar [[s.FlushStreamingOnExit:1]]
[2023.01.01-08.41.55:619][  0]LogConfig: Applying CVar settings from Section [/Script/Engine.GarbageCollectionSettings] File [C:/Users/ryu/Documents/GitHub/UE4_BP_01/Saved/Config/Windows/Engine.ini]
[2023.01.01-08.41.55:619][  0]LogConfig: Setting CVar [[gc.MaxObjectsNotConsideredByGC:1]]
[2023.01.01-08.41.55:619][  0]LogConfig: Setting CVar [[gc.SizeOfPermanentObjectPool:0]]
[2023.01.01-08.41.55:619][  0]LogConfig: Setting CVar [[gc.FlushStreamingOnGC:0]]
[2023.01.01-08.41.55:619][  0]LogConfig: Setting CVar [[gc.NumRetriesBeforeForcingGC:10]]
[2023.01.01-08.41.55:619][  0]LogConfig: Setting CVar [[gc.AllowParallelGC:1]]
[2023.01.01-08.41.55:619][  0]LogConfig: Setting CVar [[gc.TimeBetweenPurgingPendingKillObjects:61.1]]
[2023.01.01-08.41.55:619][  0]LogConfig: Setting CVar [[gc.MaxObjectsInEditor:25165824]]
[2023.01.01-08.41.55:619][  0]LogConfig: Setting CVar [[gc.IncrementalBeginDestroyEnabled:1]]
[2023.01.01-08.41.55:619][  0]LogConfig: Setting CVar [[gc.CreateGCClusters:1]]
[2023.01.01-08.41.55:619][  0]LogConfig: Setting CVar [[gc.MinGCClusterSize:5]]
[2023.01.01-08.41.55:619][  0]LogConfig: Setting CVar [[gc.ActorClusteringEnabled:0]]
[2023.01.01-08.41.55:619][  0]LogConfig: Setting CVar [[gc.BlueprintClusteringEnabled:0]]
[2023.01.01-08.41.55:619][  0]LogConfig: Setting CVar [[gc.UseDisregardForGCOnDedicatedServers:0]]
[2023.01.01-08.41.55:619][  0]LogConfig: Setting CVar [[gc.MultithreadedDestructionEnabled:1]]
[2023.01.01-08.41.55:619][  0]LogConfig: Applying CVar settings from Section [/Script/Engine.NetworkSettings] File [C:/Users/ryu/Documents/GitHub/UE4_BP_01/Saved/Config/Windows/Engine.ini]
[2023.01.01-08.41.55:619][  0]LogConfig: Applying CVar settings from Section [/Script/UnrealEd.CookerSettings] File [C:/Users/ryu/Documents/GitHub/UE4_BP_01/Saved/Config/Windows/Engine.ini]
[2023.01.01-08.41.55:652][  0]LogConfig: Applying CVar settings from Section [ViewDistanceQuality@3] File [C:/Users/ryu/Documents/GitHub/UE4_BP_01/Saved/Config/Windows/Scalability.ini]
[2023.01.01-08.41.55:652][  0]LogConfig: Setting CVar [[r.SkeletalMeshLODBias:0]]
[2023.01.01-08.41.55:652][  0]LogConfig: Setting CVar [[r.ViewDistanceScale:1.0]]
[2023.01.01-08.41.55:652][  0]LogConfig: Applying CVar settings from Section [AntiAliasingQuality@3] File [C:/Users/ryu/Documents/GitHub/UE4_BP_01/Saved/Config/Windows/Scalability.ini]
[2023.01.01-08.41.55:652][  0]LogConfig: Setting CVar [[r.PostProcessAAQuality:4]]
[2023.01.01-08.41.55:652][  0]LogConfig: Applying CVar settings from Section [ShadowQuality@3] File [C:/Users/ryu/Documents/GitHub/UE4_BP_01/Saved/Config/Windows/Scalability.ini]
[2023.01.01-08.41.55:652][  0]LogConfig: Setting CVar [[r.LightFunctionQuality:1]]
[2023.01.01-08.41.55:652][  0]LogConfig: Setting CVar [[r.ShadowQuality:5]]
[2023.01.01-08.41.55:652][  0]LogConfig: Setting CVar [[r.Shadow.CSM.MaxCascades:10]]
[2023.01.01-08.41.55:652][  0]LogConfig: Setting CVar [[r.Shadow.MaxResolution:2048]]
[2023.01.01-08.41.55:652][  0]LogConfig: Setting CVar [[r.Shadow.MaxCSMResolution:2048]]
[2023.01.01-08.41.55:652][  0]LogConfig: Setting CVar [[r.Shadow.RadiusThreshold:0.01]]
[2023.01.01-08.41.55:652][  0]LogConfig: Setting CVar [[r.Shadow.DistanceScale:1.0]]
[2023.01.01-08.41.55:652][  0]LogConfig: Setting CVar [[r.Shadow.CSM.TransitionScale:1.0]]
[2023.01.01-08.41.55:652][  0]LogConfig: Setting CVar [[r.Shadow.PreShadowResolutionFactor:1.0]]
[2023.01.01-08.41.55:652][  0]LogConfig: Setting CVar [[r.DistanceFieldShadowing:1]]
[2023.01.01-08.41.55:652][  0]LogConfig: Setting CVar [[r.DistanceFieldAO:1]]
[2023.01.01-08.41.55:652][  0]LogConfig: Setting CVar [[r.AOQuality:2]]
[2023.01.01-08.41.55:652][  0]LogConfig: Setting CVar [[r.VolumetricFog:1]]
[2023.01.01-08.41.55:652][  0]LogConfig: Setting CVar [[r.VolumetricFog.GridPixelSize:8]]
[2023.01.01-08.41.55:652][  0]LogConfig: Setting CVar [[r.VolumetricFog.GridSizeZ:128]]
[2023.01.01-08.41.55:652][  0]LogConfig: Setting CVar [[r.VolumetricFog.HistoryMissSupersampleCount:4]]
[2023.01.01-08.41.55:652][  0]LogConfig: Setting CVar [[r.LightMaxDrawDistanceScale:1]]
[2023.01.01-08.41.55:652][  0]LogConfig: Setting CVar [[r.CapsuleShadows:1]]
[2023.01.01-08.41.55:652][  0]LogConfig: Applying CVar settings from Section [PostProcessQuality@3] File [C:/Users/ryu/Documents/GitHub/UE4_BP_01/Saved/Config/Windows/Scalability.ini]
[2023.01.01-08.41.55:652][  0]LogConfig: Setting CVar [[r.MotionBlurQuality:4]]
[2023.01.01-08.41.55:652][  0]LogConfig: Setting CVar [[r.AmbientOcclusionMipLevelFactor:0.4]]
[2023.01.01-08.41.55:652][  0]LogConfig: Setting CVar [[r.AmbientOcclusionMaxQuality:100]]
[2023.01.01-08.41.55:652][  0]LogConfig: Setting CVar [[r.AmbientOcclusionLevels:-1]]
[2023.01.01-08.41.55:652][  0]LogConfig: Setting CVar [[r.AmbientOcclusionRadiusScale:1.0]]
[2023.01.01-08.41.55:652][  0]LogConfig: Setting CVar [[r.DepthOfFieldQuality:2]]
[2023.01.01-08.41.55:652][  0]LogConfig: Setting CVar [[r.RenderTargetPoolMin:400]]
[2023.01.01-08.41.55:652][  0]LogConfig: Setting CVar [[r.LensFlareQuality:2]]
[2023.01.01-08.41.55:652][  0]LogConfig: Setting CVar [[r.SceneColorFringeQuality:1]]
[2023.01.01-08.41.55:652][  0]LogConfig: Setting CVar [[r.EyeAdaptationQuality:2]]
[2023.01.01-08.41.55:652][  0]LogConfig: Setting CVar [[r.BloomQuality:5]]
[2023.01.01-08.41.55:652][  0]LogConfig: Setting CVar [[r.FastBlurThreshold:100]]
[2023.01.01-08.41.55:652][  0]LogConfig: Setting CVar [[r.Upscale.Quality:3]]
[2023.01.01-08.41.55:652][  0]LogConfig: Setting CVar [[r.Tonemapper.GrainQuantization:1]]
[2023.01.01-08.41.55:652][  0]LogConfig: Setting CVar [[r.LightShaftQuality:1]]
[2023.01.01-08.41.55:652][  0]LogConfig: Setting CVar [[r.Filter.SizeScale:1]]
[2023.01.01-08.41.55:652][  0]LogConfig: Setting CVar [[r.Tonemapper.Quality:5]]
[2023.01.01-08.41.55:652][  0]LogConfig: Setting CVar [[r.DOF.Gather.AccumulatorQuality:1        ; higher gathering accumulator quality]]
[2023.01.01-08.41.55:652][  0]LogConfig: Setting CVar [[r.DOF.Gather.PostfilterMethod:1          ; Median3x3 postfilering method]]
[2023.01.01-08.41.55:652][  0]LogConfig: Setting CVar [[r.DOF.Gather.EnableBokehSettings:0       ; no bokeh simulation when gathering]]
[2023.01.01-08.41.55:652][  0]LogConfig: Setting CVar [[r.DOF.Gather.RingCount:4                 ; medium number of samples when gathering]]
[2023.01.01-08.41.55:652][  0]LogConfig: Setting CVar [[r.DOF.Scatter.ForegroundCompositing:1    ; additive foreground scattering]]
[2023.01.01-08.41.55:653][  0]LogConfig: Setting CVar [[r.DOF.Scatter.BackgroundCompositing:2    ; additive background scattering]]
[2023.01.01-08.41.55:653][  0]LogConfig: Setting CVar [[r.DOF.Scatter.EnableBokehSettings:1      ; bokeh simulation when scattering]]
[2023.01.01-08.41.55:653][  0]LogConfig: Setting CVar [[r.DOF.Scatter.MaxSpriteRatio:0.1         ; only a maximum of 10% of scattered bokeh]]
[2023.01.01-08.41.55:653][  0]LogConfig: Setting CVar [[r.DOF.Recombine.Quality:1                ; cheap slight out of focus]]
[2023.01.01-08.41.55:653][  0]LogConfig: Setting CVar [[r.DOF.Recombine.EnableBokehSettings:0    ; no bokeh simulation on slight out of focus]]
[2023.01.01-08.41.55:653][  0]LogConfig: Setting CVar [[r.DOF.TemporalAAQuality:1                ; more stable temporal accumulation]]
[2023.01.01-08.41.55:653][  0]LogConfig: Setting CVar [[r.DOF.Kernel.MaxForegroundRadius:0.025]]
[2023.01.01-08.41.55:653][  0]LogConfig: Setting CVar [[r.DOF.Kernel.MaxBackgroundRadius:0.025]]
[2023.01.01-08.41.55:653][  0]LogConfig: Applying CVar settings from Section [TextureQuality@3] File [C:/Users/ryu/Documents/GitHub/UE4_BP_01/Saved/Config/Windows/Scalability.ini]
[2023.01.01-08.41.55:653][  0]LogConfig: Setting CVar [[r.Streaming.MipBias:0]]
[2023.01.01-08.41.55:653][  0]LogConfig: Setting CVar [[r.Streaming.AmortizeCPUToGPUCopy:0]]
[2023.01.01-08.41.55:653][  0]LogConfig: Setting CVar [[r.Streaming.MaxNumTexturesToStreamPerFrame:0]]
[2023.01.01-08.41.55:653][  0]LogConfig: Setting CVar [[r.Streaming.Boost:1]]
[2023.01.01-08.41.55:653][  0]LogConfig: Setting CVar [[r.MaxAnisotropy:8]]
[2023.01.01-08.41.55:653][  0]LogConfig: Setting CVar [[r.VT.MaxAnisotropy:8]]
[2023.01.01-08.41.55:653][  0]LogConfig: Setting CVar [[r.Streaming.LimitPoolSizeToVRAM:0]]
[2023.01.01-08.41.55:653][  0]LogConfig: Setting CVar [[r.Streaming.PoolSize:1000]]
[2023.01.01-08.41.55:653][  0]LogConfig: Setting CVar [[r.Streaming.MaxEffectiveScreenSize:0]]
[2023.01.01-08.41.55:653][  0]LogConfig: Applying CVar settings from Section [EffectsQuality@3] File [C:/Users/ryu/Documents/GitHub/UE4_BP_01/Saved/Config/Windows/Scalability.ini]
[2023.01.01-08.41.55:653][  0]LogConfig: Setting CVar [[r.TranslucencyLightingVolumeDim:64]]
[2023.01.01-08.41.55:653][  0]LogConfig: Setting CVar [[r.RefractionQuality:2]]
[2023.01.01-08.41.55:653][  0]LogConfig: Setting CVar [[r.SSR.Quality:3]]
[2023.01.01-08.41.55:653][  0]LogConfig: Setting CVar [[r.SSR.HalfResSceneColor:0]]
[2023.01.01-08.41.55:653][  0]LogConfig: Setting CVar [[r.SceneColorFormat:4]]
[2023.01.01-08.41.55:653][  0]LogConfig: Setting CVar [[r.DetailMode:2]]
[2023.01.01-08.41.55:653][  0]LogConfig: Setting CVar [[r.TranslucencyVolumeBlur:1]]
[2023.01.01-08.41.55:653][  0]LogConfig: Setting CVar [[r.MaterialQualityLevel:1 ; High quality]]
[2023.01.01-08.41.55:653][  0]LogConfig: Setting CVar [[r.AnisotropicMaterials:1]]
[2023.01.01-08.41.55:653][  0]LogConfig: Setting CVar [[r.SSS.Scale:1]]
[2023.01.01-08.41.55:653][  0]LogConfig: Setting CVar [[r.SSS.SampleSet:2]]
[2023.01.01-08.41.55:653][  0]LogConfig: Setting CVar [[r.SSS.Quality:1]]
[2023.01.01-08.41.55:653][  0]LogConfig: Setting CVar [[r.SSS.HalfRes:0]]
[2023.01.01-08.41.55:653][  0]LogConfig: Setting CVar [[r.SSGI.Quality:3]]
[2023.01.01-08.41.55:653][  0]LogConfig: Setting CVar [[r.EmitterSpawnRateScale:1.0]]
[2023.01.01-08.41.55:653][  0]LogConfig: Setting CVar [[r.ParticleLightQuality:2]]
[2023.01.01-08.41.55:653][  0]LogConfig: Setting CVar [[r.SkyAtmosphere.AerialPerspectiveLUT.FastApplyOnOpaque:1 ; Always have FastSkyLUT 1 in this case to avoid wrong sky]]
[2023.01.01-08.41.55:653][  0]LogConfig: Setting CVar [[r.SkyAtmosphere.AerialPerspectiveLUT.SampleCountMaxPerSlice:4]]
[2023.01.01-08.41.55:653][  0]LogConfig: Setting CVar [[r.SkyAtmosphere.AerialPerspectiveLUT.DepthResolution:16.0]]
[2023.01.01-08.41.55:653][  0]LogConfig: Setting CVar [[r.SkyAtmosphere.FastSkyLUT:1]]
[2023.01.01-08.41.55:653][  0]LogConfig: Setting CVar [[r.SkyAtmosphere.FastSkyLUT.SampleCountMin:4.0]]
[2023.01.01-08.41.55:653][  0]LogConfig: Setting CVar [[r.SkyAtmosphere.FastSkyLUT.SampleCountMax:128.0]]
[2023.01.01-08.41.55:653][  0]LogConfig: Setting CVar [[r.SkyAtmosphere.SampleCountMin:4.0]]
[2023.01.01-08.41.55:653][  0]LogConfig: Setting CVar [[r.SkyAtmosphere.SampleCountMax:128.0]]
[2023.01.01-08.41.55:653][  0]LogConfig: Setting CVar [[r.SkyAtmosphere.TransmittanceLUT.UseSmallFormat:0]]
[2023.01.01-08.41.55:653][  0]LogConfig: Setting CVar [[r.SkyAtmosphere.TransmittanceLUT.SampleCount:10.0]]
[2023.01.01-08.41.55:653][  0]LogConfig: Setting CVar [[r.SkyAtmosphere.MultiScatteringLUT.SampleCount:15.0]]
[2023.01.01-08.41.55:653][  0]LogConfig: Setting CVar [[r.SkyLight.RealTimeReflectionCapture:1]]
[2023.01.01-08.41.55:653][  0]LogConfig: Applying CVar settings from Section [FoliageQuality@3] File [C:/Users/ryu/Documents/GitHub/UE4_BP_01/Saved/Config/Windows/Scalability.ini]
[2023.01.01-08.41.55:653][  0]LogConfig: Setting CVar [[foliage.DensityScale:1.0]]
[2023.01.01-08.41.55:653][  0]LogConfig: Setting CVar [[grass.DensityScale:1.0]]
[2023.01.01-08.41.55:653][  0]LogConfig: Applying CVar settings from Section [ShadingQuality@3] File [C:/Users/ryu/Documents/GitHub/UE4_BP_01/Saved/Config/Windows/Scalability.ini]
[2023.01.01-08.41.55:653][  0]LogConfig: Setting CVar [[r.HairStrands.SkyLighting.IntegrationType:2]]
[2023.01.01-08.41.55:653][  0]LogConfig: Setting CVar [[r.HairStrands.SkyAO.SampleCount:4]]
[2023.01.01-08.41.55:653][  0]LogConfig: Setting CVar [[r.HairStrands.Visibility.MSAA.SamplePerPixel:4]]
[2023.01.01-08.41.55:653][  0]LogInit: Selected Device Profile: [Windows]
[2023.01.01-08.41.55:653][  0]LogInit: Applying CVar settings loaded from the selected device profile: [Windows]
[2023.01.01-08.41.55:653][  0]LogHAL: Display: Platform has ~ 32 GB [34295275520 / 34359738368 / 32], which maps to Largest [LargestMinGB=32, LargerMinGB=12, DefaultMinGB=8, SmallerMinGB=6, SmallestMinGB=0)
[2023.01.01-08.41.55:653][  0]LogInit: Going up to parent DeviceProfile []
[2023.01.01-08.41.55:653][  0]LogConfig: Applying CVar settings from Section [ViewDistanceQuality@3] File [C:/Users/ryu/Documents/GitHub/UE4_BP_01/Saved/Config/Windows/Scalability.ini]
[2023.01.01-08.41.55:653][  0]LogConfig: Setting CVar [[r.SkeletalMeshLODBias:0]]
[2023.01.01-08.41.55:653][  0]LogConfig: Setting CVar [[r.ViewDistanceScale:1.0]]
[2023.01.01-08.41.55:653][  0]LogConfig: Applying CVar settings from Section [AntiAliasingQuality@3] File [C:/Users/ryu/Documents/GitHub/UE4_BP_01/Saved/Config/Windows/Scalability.ini]
[2023.01.01-08.41.55:653][  0]LogConfig: Setting CVar [[r.PostProcessAAQuality:4]]
[2023.01.01-08.41.55:653][  0]LogConfig: Applying CVar settings from Section [ShadowQuality@3] File [C:/Users/ryu/Documents/GitHub/UE4_BP_01/Saved/Config/Windows/Scalability.ini]
[2023.01.01-08.41.55:653][  0]LogConfig: Setting CVar [[r.LightFunctionQuality:1]]
[2023.01.01-08.41.55:653][  0]LogConfig: Setting CVar [[r.ShadowQuality:5]]
[2023.01.01-08.41.55:653][  0]LogConfig: Setting CVar [[r.Shadow.CSM.MaxCascades:10]]
[2023.01.01-08.41.55:653][  0]LogConfig: Setting CVar [[r.Shadow.MaxResolution:2048]]
[2023.01.01-08.41.55:653][  0]LogConfig: Setting CVar [[r.Shadow.MaxCSMResolution:2048]]
[2023.01.01-08.41.55:653][  0]LogConfig: Setting CVar [[r.Shadow.RadiusThreshold:0.01]]
[2023.01.01-08.41.55:653][  0]LogConfig: Setting CVar [[r.Shadow.DistanceScale:1.0]]
[2023.01.01-08.41.55:653][  0]LogConfig: Setting CVar [[r.Shadow.CSM.TransitionScale:1.0]]
[2023.01.01-08.41.55:653][  0]LogConfig: Setting CVar [[r.Shadow.PreShadowResolutionFactor:1.0]]
[2023.01.01-08.41.55:653][  0]LogConfig: Setting CVar [[r.DistanceFieldShadowing:1]]
[2023.01.01-08.41.55:653][  0]LogConfig: Setting CVar [[r.DistanceFieldAO:1]]
[2023.01.01-08.41.55:653][  0]LogConfig: Setting CVar [[r.AOQuality:2]]
[2023.01.01-08.41.55:654][  0]LogConfig: Setting CVar [[r.VolumetricFog:1]]
[2023.01.01-08.41.55:654][  0]LogConfig: Setting CVar [[r.VolumetricFog.GridPixelSize:8]]
[2023.01.01-08.41.55:654][  0]LogConfig: Setting CVar [[r.VolumetricFog.GridSizeZ:128]]
[2023.01.01-08.41.55:654][  0]LogConfig: Setting CVar [[r.VolumetricFog.HistoryMissSupersampleCount:4]]
[2023.01.01-08.41.55:654][  0]LogConfig: Setting CVar [[r.LightMaxDrawDistanceScale:1]]
[2023.01.01-08.41.55:654][  0]LogConfig: Setting CVar [[r.CapsuleShadows:1]]
[2023.01.01-08.41.55:654][  0]LogConfig: Applying CVar settings from Section [PostProcessQuality@3] File [C:/Users/ryu/Documents/GitHub/UE4_BP_01/Saved/Config/Windows/Scalability.ini]
[2023.01.01-08.41.55:654][  0]LogConfig: Setting CVar [[r.MotionBlurQuality:4]]
[2023.01.01-08.41.55:654][  0]LogConfig: Setting CVar [[r.AmbientOcclusionMipLevelFactor:0.4]]
[2023.01.01-08.41.55:654][  0]LogConfig: Setting CVar [[r.AmbientOcclusionMaxQuality:100]]
[2023.01.01-08.41.55:654][  0]LogConfig: Setting CVar [[r.AmbientOcclusionLevels:-1]]
[2023.01.01-08.41.55:654][  0]LogConfig: Setting CVar [[r.AmbientOcclusionRadiusScale:1.0]]
[2023.01.01-08.41.55:654][  0]LogConfig: Setting CVar [[r.DepthOfFieldQuality:2]]
[2023.01.01-08.41.55:654][  0]LogConfig: Setting CVar [[r.RenderTargetPoolMin:400]]
[2023.01.01-08.41.55:654][  0]LogConfig: Setting CVar [[r.LensFlareQuality:2]]
[2023.01.01-08.41.55:654][  0]LogConfig: Setting CVar [[r.SceneColorFringeQuality:1]]
[2023.01.01-08.41.55:654][  0]LogConfig: Setting CVar [[r.EyeAdaptationQuality:2]]
[2023.01.01-08.41.55:654][  0]LogConfig: Setting CVar [[r.BloomQuality:5]]
[2023.01.01-08.41.55:654][  0]LogConfig: Setting CVar [[r.FastBlurThreshold:100]]
[2023.01.01-08.41.55:654][  0]LogConfig: Setting CVar [[r.Upscale.Quality:3]]
[2023.01.01-08.41.55:654][  0]LogConfig: Setting CVar [[r.Tonemapper.GrainQuantization:1]]
[2023.01.01-08.41.55:654][  0]LogConfig: Setting CVar [[r.LightShaftQuality:1]]
[2023.01.01-08.41.55:654][  0]LogConfig: Setting CVar [[r.Filter.SizeScale:1]]
[2023.01.01-08.41.55:654][  0]LogConfig: Setting CVar [[r.Tonemapper.Quality:5]]
[2023.01.01-08.41.55:654][  0]LogConfig: Setting CVar [[r.DOF.Gather.AccumulatorQuality:1        ; higher gathering accumulator quality]]
[2023.01.01-08.41.55:654][  0]LogConfig: Setting CVar [[r.DOF.Gather.PostfilterMethod:1          ; Median3x3 postfilering method]]
[2023.01.01-08.41.55:654][  0]LogConfig: Setting CVar [[r.DOF.Gather.EnableBokehSettings:0       ; no bokeh simulation when gathering]]
[2023.01.01-08.41.55:654][  0]LogConfig: Setting CVar [[r.DOF.Gather.RingCount:4                 ; medium number of samples when gathering]]
[2023.01.01-08.41.55:654][  0]LogConfig: Setting CVar [[r.DOF.Scatter.ForegroundCompositing:1    ; additive foreground scattering]]
[2023.01.01-08.41.55:654][  0]LogConfig: Setting CVar [[r.DOF.Scatter.BackgroundCompositing:2    ; additive background scattering]]
[2023.01.01-08.41.55:654][  0]LogConfig: Setting CVar [[r.DOF.Scatter.EnableBokehSettings:1      ; bokeh simulation when scattering]]
[2023.01.01-08.41.55:654][  0]LogConfig: Setting CVar [[r.DOF.Scatter.MaxSpriteRatio:0.1         ; only a maximum of 10% of scattered bokeh]]
[2023.01.01-08.41.55:654][  0]LogConfig: Setting CVar [[r.DOF.Recombine.Quality:1                ; cheap slight out of focus]]
[2023.01.01-08.41.55:654][  0]LogConfig: Setting CVar [[r.DOF.Recombine.EnableBokehSettings:0    ; no bokeh simulation on slight out of focus]]
[2023.01.01-08.41.55:654][  0]LogConfig: Setting CVar [[r.DOF.TemporalAAQuality:1                ; more stable temporal accumulation]]
[2023.01.01-08.41.55:654][  0]LogConfig: Setting CVar [[r.DOF.Kernel.MaxForegroundRadius:0.025]]
[2023.01.01-08.41.55:654][  0]LogConfig: Setting CVar [[r.DOF.Kernel.MaxBackgroundRadius:0.025]]
[2023.01.01-08.41.55:654][  0]LogConfig: Applying CVar settings from Section [TextureQuality@3] File [C:/Users/ryu/Documents/GitHub/UE4_BP_01/Saved/Config/Windows/Scalability.ini]
[2023.01.01-08.41.55:654][  0]LogConfig: Setting CVar [[r.Streaming.MipBias:0]]
[2023.01.01-08.41.55:654][  0]LogConfig: Setting CVar [[r.Streaming.AmortizeCPUToGPUCopy:0]]
[2023.01.01-08.41.55:654][  0]LogConfig: Setting CVar [[r.Streaming.MaxNumTexturesToStreamPerFrame:0]]
[2023.01.01-08.41.55:654][  0]LogConfig: Setting CVar [[r.Streaming.Boost:1]]
[2023.01.01-08.41.55:654][  0]LogConfig: Setting CVar [[r.MaxAnisotropy:8]]
[2023.01.01-08.41.55:654][  0]LogConfig: Setting CVar [[r.VT.MaxAnisotropy:8]]
[2023.01.01-08.41.55:654][  0]LogConfig: Setting CVar [[r.Streaming.LimitPoolSizeToVRAM:0]]
[2023.01.01-08.41.55:654][  0]LogConfig: Setting CVar [[r.Streaming.PoolSize:1000]]
[2023.01.01-08.41.55:654][  0]LogConfig: Setting CVar [[r.Streaming.MaxEffectiveScreenSize:0]]
[2023.01.01-08.41.55:654][  0]LogConfig: Applying CVar settings from Section [EffectsQuality@3] File [C:/Users/ryu/Documents/GitHub/UE4_BP_01/Saved/Config/Windows/Scalability.ini]
[2023.01.01-08.41.55:654][  0]LogConfig: Setting CVar [[r.TranslucencyLightingVolumeDim:64]]
[2023.01.01-08.41.55:654][  0]LogConfig: Setting CVar [[r.RefractionQuality:2]]
[2023.01.01-08.41.55:654][  0]LogConfig: Setting CVar [[r.SSR.Quality:3]]
[2023.01.01-08.41.55:654][  0]LogConfig: Setting CVar [[r.SSR.HalfResSceneColor:0]]
[2023.01.01-08.41.55:654][  0]LogConfig: Setting CVar [[r.SceneColorFormat:4]]
[2023.01.01-08.41.55:654][  0]LogConfig: Setting CVar [[r.DetailMode:2]]
[2023.01.01-08.41.55:654][  0]LogConfig: Setting CVar [[r.TranslucencyVolumeBlur:1]]
[2023.01.01-08.41.55:654][  0]LogConfig: Setting CVar [[r.MaterialQualityLevel:1 ; High quality]]
[2023.01.01-08.41.55:654][  0]LogConfig: Setting CVar [[r.AnisotropicMaterials:1]]
[2023.01.01-08.41.55:654][  0]LogConfig: Setting CVar [[r.SSS.Scale:1]]
[2023.01.01-08.41.55:654][  0]LogConfig: Setting CVar [[r.SSS.SampleSet:2]]
[2023.01.01-08.41.55:654][  0]LogConfig: Setting CVar [[r.SSS.Quality:1]]
[2023.01.01-08.41.55:654][  0]LogConfig: Setting CVar [[r.SSS.HalfRes:0]]
[2023.01.01-08.41.55:654][  0]LogConfig: Setting CVar [[r.SSGI.Quality:3]]
[2023.01.01-08.41.55:654][  0]LogConfig: Setting CVar [[r.EmitterSpawnRateScale:1.0]]
[2023.01.01-08.41.55:654][  0]LogConfig: Setting CVar [[r.ParticleLightQuality:2]]
[2023.01.01-08.41.55:654][  0]LogConfig: Setting CVar [[r.SkyAtmosphere.AerialPerspectiveLUT.FastApplyOnOpaque:1 ; Always have FastSkyLUT 1 in this case to avoid wrong sky]]
[2023.01.01-08.41.55:654][  0]LogConfig: Setting CVar [[r.SkyAtmosphere.AerialPerspectiveLUT.SampleCountMaxPerSlice:4]]
[2023.01.01-08.41.55:654][  0]LogConfig: Setting CVar [[r.SkyAtmosphere.AerialPerspectiveLUT.DepthResolution:16.0]]
[2023.01.01-08.41.55:654][  0]LogConfig: Setting CVar [[r.SkyAtmosphere.FastSkyLUT:1]]
[2023.01.01-08.41.55:654][  0]LogConfig: Setting CVar [[r.SkyAtmosphere.FastSkyLUT.SampleCountMin:4.0]]
[2023.01.01-08.41.55:654][  0]LogConfig: Setting CVar [[r.SkyAtmosphere.FastSkyLUT.SampleCountMax:128.0]]
[2023.01.01-08.41.55:654][  0]LogConfig: Setting CVar [[r.SkyAtmosphere.SampleCountMin:4.0]]
[2023.01.01-08.41.55:654][  0]LogConfig: Setting CVar [[r.SkyAtmosphere.SampleCountMax:128.0]]
[2023.01.01-08.41.55:654][  0]LogConfig: Setting CVar [[r.SkyAtmosphere.TransmittanceLUT.UseSmallFormat:0]]
[2023.01.01-08.41.55:654][  0]LogConfig: Setting CVar [[r.SkyAtmosphere.TransmittanceLUT.SampleCount:10.0]]
[2023.01.01-08.41.55:654][  0]LogConfig: Setting CVar [[r.SkyAtmosphere.MultiScatteringLUT.SampleCount:15.0]]
[2023.01.01-08.41.55:654][  0]LogConfig: Setting CVar [[r.SkyLight.RealTimeReflectionCapture:1]]
[2023.01.01-08.41.55:654][  0]LogConfig: Applying CVar settings from Section [FoliageQuality@3] File [C:/Users/ryu/Documents/GitHub/UE4_BP_01/Saved/Config/Windows/Scalability.ini]
[2023.01.01-08.41.55:654][  0]LogConfig: Setting CVar [[foliage.DensityScale:1.0]]
[2023.01.01-08.41.55:654][  0]LogConfig: Setting CVar [[grass.DensityScale:1.0]]
[2023.01.01-08.41.55:654][  0]LogConfig: Applying CVar settings from Section [ShadingQuality@3] File [C:/Users/ryu/Documents/GitHub/UE4_BP_01/Saved/Config/Windows/Scalability.ini]
[2023.01.01-08.41.55:654][  0]LogConfig: Setting CVar [[r.HairStrands.SkyLighting.IntegrationType:2]]
[2023.01.01-08.41.55:654][  0]LogConfig: Setting CVar [[r.HairStrands.SkyAO.SampleCount:4]]
[2023.01.01-08.41.55:654][  0]LogConfig: Setting CVar [[r.HairStrands.Visibility.MSAA.SamplePerPixel:4]]
[2023.01.01-08.41.55:654][  0]LogConfig: Applying CVar settings from Section [Startup] File [../../../Engine/Config/ConsoleVariables.ini]
[2023.01.01-08.41.55:655][  0]LogConfig: Setting CVar [[net.UseAdaptiveNetUpdateFrequency:0]]
[2023.01.01-08.41.55:655][  0]LogConfig: Setting CVar [[p.chaos.AllowCreatePhysxBodies:1]]
[2023.01.01-08.41.55:655][  0]LogConfig: Setting CVar [[fx.SkipVectorVMBackendOptimizations:1]]
[2023.01.01-08.41.55:655][  0]LogConfig: Applying CVar settings from Section [ConsoleVariables] File [C:/Users/ryu/Documents/GitHub/UE4_BP_01/Saved/Config/Windows/Engine.ini]
[2023.01.01-08.41.55:655][  0]LogConfig: Applying CVar settings from Section [ConsoleVariables] File [C:/Users/ryu/Documents/GitHub/UE4_BP_01/Saved/Config/Windows/Editor.ini]
[2023.01.01-08.41.55:655][  0]LogInit: Computer: DESKTOP-0AQJ4FO
[2023.01.01-08.41.55:655][  0]LogInit: User: ryu
[2023.01.01-08.41.55:655][  0]LogInit: CPU Page size=4096, Cores=6
[2023.01.01-08.41.55:655][  0]LogInit: High frequency timer resolution =10.000000 MHz
[2023.01.01-08.41.55:655][  0]LogMemory: Memory total: Physical=31.9GB (32GB approx)
[2023.01.01-08.41.55:655][  0]LogMemory: Platform Memory Stats for Windows
[2023.01.01-08.41.55:655][  0]LogMemory: Process Physical Memory: 142.45 MB used, 142.45 MB peak
[2023.01.01-08.41.55:655][  0]LogMemory: Process Virtual Memory: 111.99 MB used, 111.99 MB peak
[2023.01.01-08.41.55:655][  0]LogMemory: Physical Memory: 4927.29 MB used,  27779.24 MB free, 32706.52 MB total
[2023.01.01-08.41.55:655][  0]LogMemory: Virtual Memory: 134187400.00 MB used,  30329.58 MB free, 134217728.00 MB total
[2023.01.01-08.41.55:660][  0]LogWindows: WindowsPlatformFeatures enabled
[2023.01.01-08.41.55:699][  0]LogInit: Physics initialised using underlying interface: PhysX
[2023.01.01-08.41.55:699][  0]LogInit: Using OS detected language (ko-KR).
[2023.01.01-08.41.55:699][  0]LogInit: Using OS detected locale (ko-KR).
[2023.01.01-08.41.55:704][  0]LogTextLocalizationManager: No specific localization for 'ko-KR' exists, so the 'ko' localization will be used.
[2023.01.01-08.41.55:809][  0]LogInit: Setting process to per monitor DPI aware
[2023.01.01-08.41.55:828][  0]LogWindowsTextInputMethodSystem: Display: IME system deactivated.
[2023.01.01-08.41.55:840][  0]LogSlate: New Slate User Created.  User Index 0, Is Virtual User: 0
[2023.01.01-08.41.55:840][  0]LogSlate: Slate User Registered.  User Index 0, Is Virtual User: 0
[2023.01.01-08.41.55:952][  0]LogD3D11RHI: Loaded GFSDK_Aftermath_Lib.x64.dll
[2023.01.01-08.41.55:954][  0]LogHMD: Failed to initialize OpenVR with code 110
[2023.01.01-08.41.55:954][  0]LogD3D11RHI: D3D11 min allowed feature level: 11_0
[2023.01.01-08.41.55:954][  0]LogD3D11RHI: D3D11 max allowed feature level: 11_0
[2023.01.01-08.41.55:954][  0]LogD3D11RHI: D3D11 adapters:
[2023.01.01-08.41.56:053][  0]LogD3D11RHI:    0. 'NVIDIA GeForce GTX 1060 6GB' (Feature Level 11_0)
[2023.01.01-08.41.56:054][  0]LogD3D11RHI:       6043/0/16353 MB DedicatedVideo/DedicatedSystem/SharedSystem, Outputs:2, VendorId:0x10de
[2023.01.01-08.41.56:055][  0]LogD3D11RHI:    1. 'Microsoft Basic Render Driver' (Feature Level 11_0)
[2023.01.01-08.41.56:056][  0]LogD3D11RHI:       0/0/16353 MB DedicatedVideo/DedicatedSystem/SharedSystem, Outputs:0, VendorId:0x1414
[2023.01.01-08.41.56:056][  0]LogD3D11RHI: Chosen D3D11 Adapter:
[2023.01.01-08.41.56:056][  0]LogD3D11RHI:     Description : NVIDIA GeForce GTX 1060 6GB
[2023.01.01-08.41.56:056][  0]LogD3D11RHI:     VendorId    : 10de
[2023.01.01-08.41.56:056][  0]LogD3D11RHI:     DeviceId    : 1b83
[2023.01.01-08.41.56:056][  0]LogD3D11RHI:     SubSysId    : 345119da
[2023.01.01-08.41.56:056][  0]LogD3D11RHI:     Revision    : 00a1
[2023.01.01-08.41.56:056][  0]LogD3D11RHI:     DedicatedVideoMemory : 6336544768 bytes
[2023.01.01-08.41.56:056][  0]LogD3D11RHI:     DedicatedSystemMemory : 0 bytes
[2023.01.01-08.41.56:056][  0]LogD3D11RHI:     SharedSystemMemory : 17147637760 bytes
[2023.01.01-08.41.56:056][  0]LogD3D11RHI:     AdapterLuid : 0 38556
[2023.01.01-08.41.56:059][  0]LogD3D11RHI: Creating new Direct3DDevice
[2023.01.01-08.41.56:059][  0]LogD3D11RHI:     GPU DeviceId: 0x1b83 (for the marketing name, search the web for "GPU Device Id")
[2023.01.01-08.41.56:059][  0]LogWindows: EnumDisplayDevices:
[2023.01.01-08.41.56:059][  0]LogWindows:    0. 'NVIDIA GeForce GTX 1060 6GB' (P:1 D:1)
[2023.01.01-08.41.56:060][  0]LogWindows:    1. 'NVIDIA GeForce GTX 1060 6GB' (P:0 D:1)
[2023.01.01-08.41.56:060][  0]LogWindows:    2. 'NVIDIA GeForce GTX 1060 6GB' (P:0 D:0)
[2023.01.01-08.41.56:060][  0]LogWindows:    3. 'NVIDIA GeForce GTX 1060 6GB' (P:0 D:0)
[2023.01.01-08.41.56:060][  0]LogWindows: DebugString: FoundDriverCount:4 
[2023.01.01-08.41.56:060][  0]LogD3D11RHI:     Adapter Name: NVIDIA GeForce GTX 1060 6GB
[2023.01.01-08.41.56:060][  0]LogD3D11RHI:   Driver Version: 527.56 (internal:31.0.15.2756, unified:527.56)
[2023.01.01-08.41.56:060][  0]LogD3D11RHI:      Driver Date: 12-5-2022
[2023.01.01-08.41.56:060][  0]LogRHI: Texture pool is 4230 MB (70% of 6043 MB)
[2023.01.01-08.41.56:060][  0]LogD3D11RHI: Creating D3DDevice using adapter:
[2023.01.01-08.41.56:060][  0]LogD3D11RHI:     Description : NVIDIA GeForce GTX 1060 6GB
[2023.01.01-08.41.56:060][  0]LogD3D11RHI:     VendorId    : 10de
[2023.01.01-08.41.56:060][  0]LogD3D11RHI:     DeviceId    : 1b83
[2023.01.01-08.41.56:060][  0]LogD3D11RHI:     SubSysId    : 345119da
[2023.01.01-08.41.56:060][  0]LogD3D11RHI:     Revision    : 00a1
[2023.01.01-08.41.56:060][  0]LogD3D11RHI:     DedicatedVideoMemory : 6336544768 bytes
[2023.01.01-08.41.56:060][  0]LogD3D11RHI:     DedicatedSystemMemory : 0 bytes
[2023.01.01-08.41.56:060][  0]LogD3D11RHI:     SharedSystemMemory : 17147637760 bytes
[2023.01.01-08.41.56:060][  0]LogD3D11RHI:     AdapterLuid : 0 38556
[2023.01.01-08.41.56:121][  0]LogD3D11RHI: RHI has support for 64 bit atomics
[2023.01.01-08.41.56:121][  0]LogD3D11RHI: Async texture creation enabled
[2023.01.01-08.41.56:122][  0]LogD3D11RHI: Array index from any shader is supported
[2023.01.01-08.41.56:138][  0]LogD3D11RHI: GPU Timing Frequency: 1000.000000 (Debug: 2 1)
[2023.01.01-08.41.56:175][  0]LogRHI: GeForceNow SDK initialized: 1
[2023.01.01-08.41.56:438][  0]LogTargetPlatformManager: Display: Loaded TargetPlatform 'AllDesktop'
[2023.01.01-08.41.56:459][  0]LogTargetPlatformManager: Display: Loaded TargetPlatform 'Android'
[2023.01.01-08.41.56:459][  0]LogTargetPlatformManager: Display: Loaded TargetPlatform 'Android_ASTC'
[2023.01.01-08.41.56:459][  0]LogTargetPlatformManager: Display: Loaded TargetPlatform 'Android_DXT'
[2023.01.01-08.41.56:459][  0]LogTargetPlatformManager: Display: Loaded TargetPlatform 'Android_ETC2'
[2023.01.01-08.41.56:459][  0]LogTargetPlatformManager: Display: Loaded TargetPlatform 'AndroidClient'
[2023.01.01-08.41.56:459][  0]LogTargetPlatformManager: Display: Loaded TargetPlatform 'Android_ASTCClient'
[2023.01.01-08.41.56:459][  0]LogTargetPlatformManager: Display: Loaded TargetPlatform 'Android_DXTClient'
[2023.01.01-08.41.56:459][  0]LogTargetPlatformManager: Display: Loaded TargetPlatform 'Android_ETC2Client'
[2023.01.01-08.41.56:459][  0]LogTargetPlatformManager: Display: Loaded TargetPlatform 'Android_Multi'
[2023.01.01-08.41.56:459][  0]LogTargetPlatformManager: Display: Loaded TargetPlatform 'Android_MultiClient'
[2023.01.01-08.41.56:475][  0]LogTargetPlatformManager: Display: Loaded TargetPlatform 'IOSClient'
[2023.01.01-08.41.56:475][  0]LogTargetPlatformManager: Display: Loaded TargetPlatform 'IOS'
[2023.01.01-08.41.56:485][  0]LogTargetPlatformManager: Display: Loaded TargetPlatform 'Linux'
[2023.01.01-08.41.56:489][  0]LogTargetPlatformManager: Display: Loaded TargetPlatform 'LinuxNoEditor'
[2023.01.01-08.41.56:492][  0]LogTargetPlatformManager: Display: Loaded TargetPlatform 'LinuxClient'
[2023.01.01-08.41.56:496][  0]LogTargetPlatformManager: Display: Loaded TargetPlatform 'LinuxServer'
[2023.01.01-08.41.56:505][  0]LogTargetPlatformManager: Display: Loaded TargetPlatform 'LinuxAArch64NoEditor'
[2023.01.01-08.41.56:509][  0]LogTargetPlatformManager: Display: Loaded TargetPlatform 'LinuxAArch64Client'
[2023.01.01-08.41.56:512][  0]LogTargetPlatformManager: Display: Loaded TargetPlatform 'LinuxAArch64Server'
[2023.01.01-08.41.56:538][  0]LogTargetPlatformManager: Display: Loaded TargetPlatform 'Lumin'
[2023.01.01-08.41.56:538][  0]LogTargetPlatformManager: Display: Loaded TargetPlatform 'LuminClient'
[2023.01.01-08.41.56:546][  0]LogTargetPlatformManager: Display: Loaded TargetPlatform 'MacNoEditor'
[2023.01.01-08.41.56:550][  0]LogTargetPlatformManager: Display: Loaded TargetPlatform 'Mac'
[2023.01.01-08.41.56:553][  0]LogTargetPlatformManager: Display: Loaded TargetPlatform 'MacClient'
[2023.01.01-08.41.56:557][  0]LogTargetPlatformManager: Display: Loaded TargetPlatform 'MacServer'
[2023.01.01-08.41.56:567][  0]LogTargetPlatformManager: Display: Loaded TargetPlatform 'TVOSClient'
[2023.01.01-08.41.56:567][  0]LogTargetPlatformManager: Display: Loaded TargetPlatform 'TVOS'
[2023.01.01-08.41.56:576][  0]LogTargetPlatformManager: Display: Loaded TargetPlatform 'WindowsNoEditor'
[2023.01.01-08.41.56:580][  0]LogTargetPlatformManager: Display: Loaded TargetPlatform 'Windows'
[2023.01.01-08.41.56:584][  0]LogTargetPlatformManager: Display: Loaded TargetPlatform 'WindowsClient'
[2023.01.01-08.41.56:588][  0]LogTargetPlatformManager: Display: Loaded TargetPlatform 'WindowsServer'
[2023.01.01-08.41.56:588][  0]LogTargetPlatformManager: Display: Building Assets For Windows
[2023.01.01-08.41.56:593][  0]LogAudioDebug: Display: Lib vorbis DLL was dynamically loaded.
[2023.01.01-08.41.56:620][  0]LogTextureFormatOodle: Display: Oodle Texture 2.9.0 init RDO Off
[2023.01.01-08.41.56:646][  0]LogRendererCore: Ray tracing is disabled. Reason: r.RayTracing=0.
[2023.01.01-08.41.56:646][  0]LogShaderCompilers: Guid format shader working directory is -10 characters bigger than the processId version (../../../../../../Users/ryu/Documents/GitHub/UE4_BP_01/Intermediate/Shaders/WorkingDirectory/1608/).
[2023.01.01-08.41.56:646][  0]LogShaderCompilers: Cleaned the shader compiler working directory 'C:/Users/ryu/AppData/Local/Temp/UnrealShaderWorkingDir/64D296784B1E3AD218AF66BB61ED0F41/'.
[2023.01.01-08.41.56:646][  0]LogXGEController: Cannot use XGE Controller as Incredibuild is not installed on this machine.
[2023.01.01-08.41.56:646][  0]LogShaderCompilers: Cannot use XGE Shader Compiler as Incredibuild is not installed on this machine.
[2023.01.01-08.41.56:646][  0]LogShaderCompilers: Display: Using Local Shader Compiler.
[2023.01.01-08.41.57:343][  0]LogDerivedDataCache: Display: Max Cache Size: 512 MB
[2023.01.01-08.41.57:392][  0]LogDerivedDataCache: Loaded boot cache 0.05s 94MB C:/Users/ryu/AppData/Local/UnrealEngine/4.27/DerivedDataCache/Boot.ddc.
[2023.01.01-08.41.57:392][  0]LogDerivedDataCache: Display: Loaded Boot cache: C:/Users/ryu/AppData/Local/UnrealEngine/4.27/DerivedDataCache/Boot.ddc
[2023.01.01-08.41.57:392][  0]LogDerivedDataCache: FDerivedDataBackendGraph:  Pak pak cache file ../../../../../../Users/ryu/Documents/GitHub/UE4_BP_01/DerivedDataCache/DDC.ddp not found, will not use a pak cache.
[2023.01.01-08.41.57:392][  0]LogDerivedDataCache: Unable to find inner node Pak for hierarchical cache Hierarchy.
[2023.01.01-08.41.57:392][  0]LogDerivedDataCache: FDerivedDataBackendGraph:  CompressedPak pak cache file ../../../../../../Users/ryu/Documents/GitHub/UE4_BP_01/DerivedDataCache/Compressed.ddp not found, will not use a pak cache.
[2023.01.01-08.41.57:392][  0]LogDerivedDataCache: Unable to find inner node CompressedPak for hierarchical cache Hierarchy.
[2023.01.01-08.41.57:408][  0]LogDerivedDataCache: Display: Pak cache opened for reading ../../../Engine/DerivedDataCache/Compressed.ddp.
[2023.01.01-08.41.57:408][  0]LogDerivedDataCache: FDerivedDataBackendGraph:  EnterprisePak pak cache file ../../../Enterprise/DerivedDataCache/Compressed.ddp not found, will not use a pak cache.
[2023.01.01-08.41.57:408][  0]LogDerivedDataCache: Unable to find inner node EnterprisePak for hierarchical cache Hierarchy.
[2023.01.01-08.41.57:416][  0]LogDerivedDataCache: Speed tests for C:/Users/ryu/AppData/Local/UnrealEngine/Common/DerivedDataCache took 0.01 seconds
[2023.01.01-08.41.57:416][  0]LogDerivedDataCache: Display: Performance to C:/Users/ryu/AppData/Local/UnrealEngine/Common/DerivedDataCache: Latency=0.02ms. RandomReadSpeed=309.03MBs, RandomWriteSpeed=205.77MBs. Assigned SpeedClass 'Local'
[2023.01.01-08.41.57:417][  0]LogDerivedDataCache: Using Local data cache path C:/Users/ryu/AppData/Local/UnrealEngine/Common/DerivedDataCache: Writable
[2023.01.01-08.41.57:417][  0]LogDerivedDataCache: Shared data cache path not found in *engine.ini, will not use an Shared cache.
[2023.01.01-08.41.57:417][  0]LogDerivedDataCache: Unable to find inner node Shared for hierarchical cache Hierarchy.
[2023.01.01-08.41.57:460][  0]LogSlate: Using FreeType 2.10.0
[2023.01.01-08.41.57:460][  0]LogSlate: SlateFontServices - WITH_FREETYPE: 1, WITH_HARFBUZZ: 1
[2023.01.01-08.41.57:481][  0]LogAssetRegistry: FAssetRegistry took 0.0026 seconds to start up
[2023.01.01-08.41.57:688][  0]LogInit: Selected Device Profile: [Windows]
[2023.01.01-08.41.57:688][  0]LogInit: Active device profile: [000001964E80C900][000001964BD81B00 49] Windows
[2023.01.01-08.41.57:688][  0]LogInit: Profiles: [000001964E80C900][000001964BD81B00 49] Windows, [000001964E7CF800][0000019640FD4100 49] WindowsNoEditor, [000001964E80F500][0000019640FD8280 49] WindowsServer, [000001964E7CCE00][0000019640FDC400 49] WindowsClient, [000001964E80F800][0000019640FE0580 49] IOS, [000001964E7CE800][0000019640FE4700 49] iPadAir, [000001964E80E000][0000019640FD0840 49] iPadAir2, [000001964E774A00][0000019640FECA80 49] IPadPro, [000001964E774B00][0000019640FE8AC0 49] iPadAir3, [000001964E7CD900][0000019640FF4C40 49] iPadAir4, [000001964E777400][0000019640FF8DC0 49] iPadMini2, [000001964E7CEA00][000001964E5F4F40 49] iPadMini3, [000001964E775700][000001964E5F90C0 49] iPadMini4, [000001964E80D100][000001964E5FD240 49] iPadMini5, [000001964E77C300][000001964E605500 49] iPhone6, [000001964E77C400][000001964E601540 49] iPodTouch6, [000001964E767F00][000001964E60D840 49] iPhone7, [000001964E767E00][000001964E609880 49] iPodTouch7, [000001964E7CE000][000001964E611A00 49] iPhone5S, [000001964E765A00][000001964E615B80 49] iPhone6Plus, [000001964E77C200][000001964E618180 49] iPhone6S, [000001964E764600][000001964E61C300 49] iPhone6SPlus, [000001964E77E900][000001964E620480 49] iPhone7Plus, [000001964E767100][000001964E624600 49] iPhoneSE, [000001964E77E200][000001964E628780 49] iPhone8, [000001964E767B00][000001964E62C900 49] iPhone8Plus, [000001964E77CA00][0000019640FF0A40 49] iPhoneX, [000001964E765400][000001964CE20B80 49] iPhoneXS, [000001964E77F900][000001964CE24CC0 49] iPhoneXSMax, [000001964E764900][000001964CE2CE40 49] iPhoneXR, [000001964E77EF00][000001964CE30FC0 49] iPhone11, [000001964E765300][000001964CE35140 49] iPhone11Pro, [000001964E77D000][000001964CE392C0 49] iPhone11ProMax, [000001964E766A00][000001964CE3D440 49] iPhoneSE2, [000001964E77D400][000001964CE415C0 49] iPhone12Mini, [000001964E766400][000001964CE45740 49] iPhone12, [000001964E77CD00][000001964CE498C0 49] iPhone12Pro, [000001964E766B00][000001964CE4DA40 49] iPhone12ProMax, [000001964E77F000][000001964CE51BC0 49] iPadPro105, [000001964E764700][000001964CE541C0 49] iPadPro129, [000001964E77E800][000001964CE58340 49] iPadPro97, [000001964E766600][000001964CE5C4C0 49] iPadPro2_129, [000001964E77FC00][000001964CE60640 49] iPad5, [000001964E766200][000001964CE647C0 49] iPad6, [000001964E77CF00][000001964CE68940 49] iPad7, [000001964E766D00][000001964CE6CAC0 49] iPad8, [000001964E77D100][000001964CE28C00 49] iPadPro11, [000001964E765600][0000019646A86D40 49] iPadPro2_11, [000001964E77F400][0000019646A8AE80 49] iPadPro3_129, [000001964E766800][0000019646A8EFC0 49] iPadPro4_129, [000001964E77FA00][0000019646A97140 49] AppleTV, [000001964E766100][0000019646A9B2C0 49] AppleTV4K, [000001964E77DF00][0000019646A9F440 49] TVOS, [000001964E767400][0000019646AA35C0 49] Mac, [000001964E77F800][0000019646AA7740 49] MacClient, [000001964E765E00][0000019646AAB8C0 49] MacNoEditor, [000001964E77FF00][0000019646AAFA40 49] MacServer, [000001964E767500][0000019646AB3BC0 49] Linux, [000001964E77CC00][0000019646AB61C0 49] LinuxAArch64, [000001964E766F00][0000019646ABA340 49] LinuxNoEditor, [000001964E77CB00][0000019646ABE4C0 49] LinuxAArch64NoEditor, [000001964E767700][0000019646AC2640 49] LinuxClient, [000001964E77DA00][0000019646AC67C0 49] LinuxAArch64Client, [000001964E765000][0000019646ACA940 49] LinuxServer, [000001964E77E500][0000019646ACEAC0 49] LinuxAArch64Server, [000001964E765900][0000019646AD2C40 49] Android, [000001964E77D300][0000019646A92D80 49] Android_Low, [000001964E766700][0000019646AD6EC0 49] Android_Mid, [000001964E77EB00][0000019646ADB000 49] Android_High, [000001964E767800][000001964E231140 49] Android_Default, [000001964E77D600][000001964E2392C0 49] Android_Adreno4xx, [000001964E765500][000001964E23D440 49] Android_Adreno5xx_Low, [000001964E777600][000001964E2415C0 49] Android_Adreno5xx, [000001964E7CD800][000001964E245740 49] Android_Adreno6xx, [000001964E775200][000001964E2498C0 49] Android_Adreno6xx_Vulkan, [000001964E7CFC00][000001964E24DA40 49] Android_Mali_T6xx, [000001964E775100][000001964E251BC0 49] Android_Mali_T7xx, [000001964E7CD600][000001964E2541C0 49] Android_Mali_T8xx, [000001964E775E00][000001964E258340 49] Android_Mali_G71, [000001964E7CC500][000001964E25C4C0 49] Android_Mali_G72, [000001964E774800][000001964E260640 49] Android_Mali_G72_Vulkan, [000001964E7CD300][000001964E2647C0 49] Android_Mali_G76, [000001964E774100][000001964E268940 49] Android_Mali_G76_Vulkan, [000001964E7CDF00][000001964E26CAC0 49] Android_Mali_G77, [000001964E775000][000001964E270C40 49] Android_Mali_G77_Vulkan, [000001964E7CCA00][000001964E274DC0 49] Android_Mali_G78, [000001964E776C00][000001964E278F40 49] Android_Mali_G78_Vulkan, [000001964E7CF600][000001964E235080 49] Android_Mali_G710, [000001964E776A00][000001964E27D1C0 49] Android_Mali_G710_Vulkan, [000001964E7CFF00][000001964E281300 49] Android_Vulkan_SM5, [000001964E777B00][000001964E289480 49] Android_PowerVR_G6xxx, [000001964E7CFB00][000001964E28D600 49] Android_PowerVR_GT7xxx, [000001964E777900][000001964E291780 49] Android_PowerVR_GE8xxx, [000001964E7CCC00][000001964E295900 49] Android_PowerVR_GM9xxx, [000001964E776700][000001964E377A80 49] Android_PowerVR_GM9xxx_Vulkan, [000001964E7CE700][000001964E37BC00 49] Android_TegraK1, [000001964E774900][000001964E37E200 49] Android_Unknown_Vulkan, [000001964E7CDD00][000001964E382380 49] Lumin, [000001964E774500][000001964E386500 49] Lumin_Desktop, [000001964E7CF300][000001964E38A680 49] HoloLens, 
[2023.01.01-08.41.57:810][  0]LogMeshReduction: Using QuadricMeshReduction for automatic static mesh reduction
[2023.01.01-08.41.57:810][  0]LogMeshReduction: Using SimplygonMeshReduction for automatic skeletal mesh reduction
[2023.01.01-08.41.57:811][  0]LogMeshReduction: Using ProxyLODMeshReduction for automatic mesh merging
[2023.01.01-08.41.57:811][  0]LogMeshReduction: No distributed automatic mesh merging module available
[2023.01.01-08.41.57:811][  0]LogMeshMerging: No distributed automatic mesh merging module available
[2023.01.01-08.41.57:825][  0]LogNetVersion: UE4_BP_01 1.0.0, NetCL: 17155196, EngineNetVer: 17, GameNetVer: 0 (Checksum: 3065845727)
[2023.01.01-08.41.58:171][  0]LogTexture: Default maximum texture size for cubemaps generated from long-lat sources has been changed from 512 to unlimited. In order to preserve old behaiour for '/Engine/MapTemplates/Sky/DaylightAmbientCubemap.DaylightAmbientCubemap', its maximum texture size has been explicitly set to 512.
[2023.01.01-08.41.58:219][  0]LogHMD: PokeAHoleMaterial loaded successfully
[2023.01.01-08.41.58:225][  0]LogUObjectArray: 17178 objects as part of root set at end of initial load.
[2023.01.01-08.41.58:225][  0]LogUObjectAllocator: 4302048 out of 0 bytes used by permanent object pool.
[2023.01.01-08.41.58:225][  0]LogUObjectArray: CloseDisregardForGC: 0/0 objects in disregard for GC pool
[2023.01.01-08.41.58:457][  0]LogNiagaraDebuggerClient: Niagara Debugger Client Initialized | Session: 5D0A596F460041EDAC30C4937681A006 | Instance: 3F795DD1495E958A9B2AF9A9E8480FB9 (DESKTOP-0AQJ4FO-1608).
[2023.01.01-08.41.58:557][  0]LogPython: Using Python 3.7.7
[2023.01.01-08.41.59:030][  0]LogTcpMessaging: Initializing TcpMessaging bridge
[2023.01.01-08.41.59:034][  0]LogUdpMessaging: Initializing bridge on interface 0.0.0.0:0 to multicast group 230.0.0.1:6666.
[2023.01.01-08.41.59:159][  0]SourceControl: 소스 컨트롤이 꺼졌습니다.
[2023.01.01-08.41.59:160][  0]SourceControl: 소스 컨트롤이 꺼졌습니다.
[2023.01.01-08.41.59:162][  0]SourceControl: 소스 컨트롤이 꺼졌습니다.
[2023.01.01-08.41.59:165][  0]SourceControl: 소스 컨트롤이 꺼졌습니다.
[2023.01.01-08.41.59:170][  0]SourceControl: 소스 컨트롤이 꺼졌습니다.
[2023.01.01-08.41.59:175][  0]LogUProjectInfo: Found projects:
[2023.01.01-08.41.59:311][  0]LogOpenImageDenoise: OIDN starting up
[2023.01.01-08.41.59:335][  0]LogAndroidPermission: UAndroidPermissionCallbackProxy::GetInstance
[2023.01.01-08.41.59:353][  0]LogAudioCaptureCore: Display: No Audio Capture implementations found. Audio input will be silent.
[2023.01.01-08.41.59:353][  0]LogAudioCaptureCore: Display: No Audio Capture implementations found. Audio input will be silent.
[2023.01.01-08.41.59:508][  0]LogCollectionManager: Loaded 0 collections in 0.001562 seconds
[2023.01.01-08.41.59:530][  0]LogFileCache: Scanning file cache for directory 'C:/Users/ryu/Documents/GitHub/UE4_BP_01/Saved/Collections/' took 0.00s
[2023.01.01-08.41.59:530][  0]LogFileCache: Scanning file cache for directory 'C:/Users/ryu/Documents/GitHub/UE4_BP_01/Content/Developers/ryu/Collections/' took 0.00s
[2023.01.01-08.41.59:530][  0]LogFileCache: Scanning file cache for directory 'C:/Users/ryu/Documents/GitHub/UE4_BP_01/Content/Collections/' took 0.00s
[2023.01.01-08.41.59:530][  0]LogOcInput: OculusInput pre-init called
[2023.01.01-08.41.59:787][  0]LogEngine: Initializing Engine...
[2023.01.01-08.41.59:829][  0]LogHMD: Failed to enumerate extensions. Please check that you have a valid OpenXR runtime installed.
[2023.01.01-08.41.59:829][  0]LogHMD: Failed to initialize OpenVR with code 110
[2023.01.01-08.41.59:829][  0]LogMagicLeap: Warning: VR disabled because ZI is not enabled.  To enable, in the editor, Edit -> Project Settings -> Plugins -> Magic Leap Plugin -> Enable Zero Iteration
[2023.01.01-08.41.59:830][  0]LogStats: UGameplayTagsManager::InitializeManager -  0.000 s
[2023.01.01-08.41.59:947][  0]LogInit: Initializing FReadOnlyCVARCache
[2023.01.01-08.41.59:954][  0]LogAIModule: Creating AISystem for world Untitled
[2023.01.01-08.41.59:954][  0]LogAudio: Display: Initializing Audio Device Manager...
[2023.01.01-08.41.59:957][  0]LogAudio: Display: Loading Default Audio Settings Objects...
[2023.01.01-08.41.59:957][  0]LogAudio: Display: No default SoundConcurrencyObject specified (or failed to load).
[2023.01.01-08.41.59:958][  0]LogAudio: Display: Audio Device Manager Initialized
[2023.01.01-08.41.59:958][  0]LogAudio: Display: Creating Audio Device:                 Id: 1, Scope: Shared, Realtime: True
[2023.01.01-08.41.59:958][  0]LogAudioMixer: Display: Audio Mixer Platform Settings:
[2023.01.01-08.41.59:958][  0]LogAudioMixer: Display: 	Sample Rate:						  48000
[2023.01.01-08.41.59:958][  0]LogAudioMixer: Display: 	Callback Buffer Frame Size Requested: 1024
[2023.01.01-08.41.59:958][  0]LogAudioMixer: Display: 	Callback Buffer Frame Size To Use:	  1024
[2023.01.01-08.41.59:958][  0]LogAudioMixer: Display: 	Number of buffers to queue:			  2
[2023.01.01-08.41.59:958][  0]LogAudioMixer: Display: 	Max Channels (voices):				  32
[2023.01.01-08.41.59:958][  0]LogAudioMixer: Display: 	Number of Async Source Workers:		  0
[2023.01.01-08.41.59:958][  0]LogAudio: Display: AudioDevice MaxSources: 32
[2023.01.01-08.41.59:958][  0]LogAudio: Display: Audio Spatialization Plugin: None (built-in).
[2023.01.01-08.41.59:958][  0]LogAudio: Display: Audio Reverb Plugin: None (built-in).
[2023.01.01-08.41.59:958][  0]LogAudio: Display: Audio Occlusion Plugin: None (built-in).
[2023.01.01-08.41.59:958][  0]LogAudioMixer: Display: Initializing audio mixer.
[2023.01.01-08.41.59:968][  0]LogAudioMixer: Display: 0: FrontLeft
[2023.01.01-08.41.59:968][  0]LogAudioMixer: Display: 1: FrontRight
[2023.01.01-08.41.59:992][  0]LogAudioMixer: Display: Using Audio Device 스피커(2- USB PnP Audio Device(EEPROM))
[2023.01.01-08.41.59:995][  0]LogAudioMixer: Display: Initializing Sound Submixes...
[2023.01.01-08.41.59:997][  0]LogAudioMixer: Display: Creating Master Submix 'MasterSubmixDefault'
[2023.01.01-08.41.59:997][  0]LogAudioMixer: Display: Creating Master Submix 'MasterReverbSubmixDefault'
[2023.01.01-08.41.59:998][  0]LogAudioMixer: Display: Creating Master Submix 'MasterEQSubmixDefault'
[2023.01.01-08.41.59:998][  0]LogAudioMixer: FMixerPlatformXAudio2::StartAudioStream() called
[2023.01.01-08.41.59:998][  0]LogAudioMixer: Display: Output buffers initialized: Frames=1024, Channels=2, Samples=2048
[2023.01.01-08.41.59:999][  0]LogAudioMixer: Display: Starting AudioMixerPlatformInterface::RunInternal()
[2023.01.01-08.41.59:999][  0]LogAudioMixer: Display: FMixerPlatformXAudio2::SubmitBuffer() called for the first time
[2023.01.01-08.41.59:999][  0]LogInit: FAudioDevice initialized.
[2023.01.01-08.41.59:999][  0]LogAudio: Display: Audio Device (ID: 1) registered with world 'Untitled'.
[2023.01.01-08.41.59:999][  0]LogNetVersion: Set ProjectVersion to 1.0.0.0. Version Checksum will be recalculated on next use.
[2023.01.01-08.42.00:045][  0]LogDerivedDataCache: Saved boot cache 0.05s 94MB C:/Users/ryu/AppData/Local/UnrealEngine/4.27/DerivedDataCache/Boot.ddc.
[2023.01.01-08.42.00:045][  0]LogInit: Texture streaming: Enabled
[2023.01.01-08.42.00:055][  0]LogAnalytics: Display: [UEEditor.Rocket.Release] APIServer = https://datarouter.ol.epicgames.com/. AppVersion = 4.27.2-18319896+++UE4+Release-4.27
[2023.01.01-08.42.00:059][  0]LogEngineSessionManager: EngineSessionManager initialized
[2023.01.01-08.42.00:059][  0]LogEditorSessionSummary: Verbose: Initializing EditorSessionSummaryWriter for editor session tracking
[2023.01.01-08.42.00:061][  0]LogEditorSessionSummary: EditorSessionSummaryWriter initialized
[2023.01.01-08.42.00:078][  0]LogInit: Transaction tracking system initialized
[2023.01.01-08.42.00:096][  0]BlueprintLog: New page: 에디터 로드
[2023.01.01-08.42.00:145][  0]LocalizationService: 현지화 서비스가 비활성화되었습니다.
[2023.01.01-08.42.00:163][  0]TimingProfiler: Initialize
[2023.01.01-08.42.00:164][  0]TimingProfiler: OnSessionChanged
[2023.01.01-08.42.00:164][  0]LoadingProfiler: Initialize
[2023.01.01-08.42.00:164][  0]LoadingProfiler: OnSessionChanged
[2023.01.01-08.42.00:164][  0]NetworkingProfiler: Initialize
[2023.01.01-08.42.00:164][  0]NetworkingProfiler: OnSessionChanged
[2023.01.01-08.42.00:164][  0]MemoryProfiler: Initialize
[2023.01.01-08.42.00:164][  0]MemoryProfiler: OnSessionChanged
[2023.01.01-08.42.00:287][  0]LogCook: Display: CookSettings for Memory: MemoryMaxUsedVirtual 0MiB, MemoryMaxUsedPhysical 16384MiB, MemoryMinFreeVirtual 0MiB, MemoryMinFreePhysical 1024MiB
[2023.01.01-08.42.00:287][  0]LogCook: Display: Mobile HDR setting 1
[2023.01.01-08.42.00:441][  0]LogFileCache: Scanning file cache for directory 'C:/Users/ryu/Documents/GitHub/UE4_BP_01/Content/' took 0.00s
[2023.01.01-08.42.00:622][  0]LogInit: Display: Engine is initialized. Leaving FEngineLoop::Init()
[2023.01.01-08.42.00:625][  0]SourceControl: 소스 컨트롤이 꺼졌습니다.
[2023.01.01-08.42.00:728][  0]LogSlate: Took 0.001506 seconds to synchronously load lazily loaded font '../../../Engine/Content/Editor/Slate/Fonts/NanumGothic.ttf' (4243K)
[2023.01.01-08.42.00:729][  0]LogSlate: Took 0.000106 seconds to synchronously load lazily loaded font '../../../Engine/Content/Slate/Fonts/Roboto-Regular.ttf' (155K)
[2023.01.01-08.42.10:273][  0]LogSlate: Window '패키지 복원' being destroyed
[2023.01.01-08.42.11:856][  0]LogSlate: Window '소스 컨트롤에서 체크아웃할 수 없습니다!' being destroyed
[2023.01.01-08.42.11:861][  0]Message dialog closed, result: Ok, title: 소스 컨트롤에서 체크아웃할 수 없습니다!, text: 다음 에셋을 소스 컨트롤에서 체크아웃 시키지 못했습니다:
/Game/Maps/DevMap
/Game/Blueprints/BP_Knight
/Game/Blueprints/BP_Monster
/Game/Blueprints/BP_Skeleton
[2023.01.01-08.42.11:888][  0]LogUnrealEdMisc: Loading editor; pre map load, took 17.327
[2023.01.01-08.42.11:889][  0]Cmd: MAP LOAD FILE="../../../../../../Users/ryu/Documents/GitHub/UE4_BP_01/Content/Maps/DevMap.umap" TEMPLATE=0 SHOWPROGRESS=1 FEATURELEVEL=3
[2023.01.01-08.42.11:890][  0]LightingResults: New page: 라이팅 빌드
[2023.01.01-08.42.11:891][  0]LogWorld: UWorld::CleanupWorld for Untitled, bSessionEnded=true, bCleanupResources=true
[2023.01.01-08.42.11:891][  0]LogSlate: InvalidateAllWidgets triggered.  All widgets were invalidated
[2023.01.01-08.42.11:891][  0]MapCheck: New page: 맵 체크
[2023.01.01-08.42.11:891][  0]LightingResults: New page: 라이팅 빌드
[2023.01.01-08.42.11:897][  0]LogAudio: Display: Audio Device unregistered from world 'None'.
[2023.01.01-08.42.11:900][  0]LogUObjectHash: Compacting FUObjectHashTables data took   0.87ms
[2023.01.01-08.42.12:879][  0]LogAudio: Display: Audio Device (ID: 1) registered with world 'DevMap'.
[2023.01.01-08.42.12:880][  0]LogAIModule: Creating AISystem for world DevMap
[2023.01.01-08.42.12:883][  0]LogEditorServer: Finished looking for orphan Actors (0.000 secs)
[2023.01.01-08.42.12:888][  0]LogUObjectHash: Compacting FUObjectHashTables data took   0.74ms
[2023.01.01-08.42.12:891][  0]Cmd: MAP CHECKDEP NOCLEARLOG
[2023.01.01-08.42.12:891][  0]MapCheck: 맵 체크 완료: 오류 0 회, 경고 0 회, 소요 시간 0.135ms.
[2023.01.01-08.42.12:891][  0]LogFileHelpers: Loading map 'DevMap' took 1.002
[2023.01.01-08.42.12:893][  0]LogUnrealEdMisc: Total Editor Startup Time, took 18.331
[2023.01.01-08.42.12:958][  0]LogSlate: Updating window title bar state: overlay mode, drag disabled, window buttons hidden, title bar hidden
[2023.01.01-08.42.12:963][  0]LogSlate: Updating window title bar state: overlay mode, drag disabled, window buttons hidden, title bar hidden
[2023.01.01-08.42.12:969][  0]LogSlate: Updating window title bar state: overlay mode, drag disabled, window buttons hidden, title bar hidden
[2023.01.01-08.42.12:974][  0]LogSlate: Updating window title bar state: overlay mode, drag disabled, window buttons hidden, title bar hidden
[2023.01.01-08.42.12:994][  0]LogNativeClassHierarchy: Verbose: Native class hierarchy populated in 0.0087 seconds. Added 3822 classes and 928 folders.
[2023.01.01-08.42.12:996][  0]LogNativeClassHierarchy: Verbose: Native class hierarchy updated for 'WidgetCarousel' in 0.0002 seconds. Added 0 classes and 0 folders.
[2023.01.01-08.42.13:005][  0]LogPakFile: PakFile PrimaryIndexSize=187
[2023.01.01-08.42.13:005][  0]LogPakFile: PakFile PathHashIndexSize=101
[2023.01.01-08.42.13:005][  0]LogPakFile: PakFile FullDirectoryIndexSize=148
[2023.01.01-08.42.13:005][  0]LogShaderLibrary: Display: ShaderCodeLibraryPakFileMountedCallback: PakFile 'C:/Program Files/Epic Games/UE_4.27/FeaturePacks/FP_FirstPerson.upack' (chunk index -1, root 'root:/') mounted
[2023.01.01-08.42.13:005][  0]LogShaderLibrary: Display: ShaderCodeLibraryPakFileMountedCallback: pending pak file info (ChunkID:-1 Root:root:/ File:C:/Program Files/Epic Games/UE_4.27/FeaturePacks/FP_FirstPerson.upack)
[2023.01.01-08.42.13:005][  0]LogPakFile: OnPakFileMounted2Time == 0.000055
[2023.01.01-08.42.13:012][  0]LogPakFile: PakFile PrimaryIndexSize=189
[2023.01.01-08.42.13:012][  0]LogPakFile: PakFile PathHashIndexSize=101
[2023.01.01-08.42.13:012][  0]LogPakFile: PakFile FullDirectoryIndexSize=152
[2023.01.01-08.42.13:012][  0]LogShaderLibrary: Display: ShaderCodeLibraryPakFileMountedCallback: PakFile 'C:/Program Files/Epic Games/UE_4.27/FeaturePacks/FP_FirstPersonBP.upack' (chunk index -1, root 'root:/') mounted
[2023.01.01-08.42.13:012][  0]LogShaderLibrary: Display: ShaderCodeLibraryPakFileMountedCallback: pending pak file info (ChunkID:-1 Root:root:/ File:C:/Program Files/Epic Games/UE_4.27/FeaturePacks/FP_FirstPersonBP.upack)
[2023.01.01-08.42.13:012][  0]LogPakFile: OnPakFileMounted2Time == 0.000047
[2023.01.01-08.42.13:017][  0]LogPakFile: PakFile PrimaryIndexSize=191
[2023.01.01-08.42.13:017][  0]LogPakFile: PakFile PathHashIndexSize=101
[2023.01.01-08.42.13:017][  0]LogPakFile: PakFile FullDirectoryIndexSize=160
[2023.01.01-08.42.13:017][  0]LogShaderLibrary: Display: ShaderCodeLibraryPakFileMountedCallback: PakFile 'C:/Program Files/Epic Games/UE_4.27/FeaturePacks/MobileStarterContent.upack' (chunk index -1, root 'root:/') mounted
[2023.01.01-08.42.13:017][  0]LogShaderLibrary: Display: ShaderCodeLibraryPakFileMountedCallback: pending pak file info (ChunkID:-1 Root:root:/ File:C:/Program Files/Epic Games/UE_4.27/FeaturePacks/MobileStarterContent.upack)
[2023.01.01-08.42.13:017][  0]LogPakFile: OnPakFileMounted2Time == 0.000046
[2023.01.01-08.42.13:022][  0]LogPakFile: PakFile PrimaryIndexSize=185
[2023.01.01-08.42.13:022][  0]LogPakFile: PakFile PathHashIndexSize=101
[2023.01.01-08.42.13:022][  0]LogPakFile: PakFile FullDirectoryIndexSize=148
[2023.01.01-08.42.13:022][  0]LogShaderLibrary: Display: ShaderCodeLibraryPakFileMountedCallback: PakFile 'C:/Program Files/Epic Games/UE_4.27/FeaturePacks/StarterContent.upack' (chunk index -1, root 'root:/') mounted
[2023.01.01-08.42.13:022][  0]LogShaderLibrary: Display: ShaderCodeLibraryPakFileMountedCallback: pending pak file info (ChunkID:-1 Root:root:/ File:C:/Program Files/Epic Games/UE_4.27/FeaturePacks/StarterContent.upack)
[2023.01.01-08.42.13:022][  0]LogPakFile: OnPakFileMounted2Time == 0.000042
[2023.01.01-08.42.13:028][  0]LogPakFile: PakFile PrimaryIndexSize=190
[2023.01.01-08.42.13:028][  0]LogPakFile: PakFile PathHashIndexSize=101
[2023.01.01-08.42.13:028][  0]LogPakFile: PakFile FullDirectoryIndexSize=154
[2023.01.01-08.42.13:028][  0]LogShaderLibrary: Display: ShaderCodeLibraryPakFileMountedCallback: PakFile 'C:/Program Files/Epic Games/UE_4.27/FeaturePacks/TP_2DSideScroller.upack' (chunk index -1, root 'root:/') mounted
[2023.01.01-08.42.13:028][  0]LogShaderLibrary: Display: ShaderCodeLibraryPakFileMountedCallback: pending pak file info (ChunkID:-1 Root:root:/ File:C:/Program Files/Epic Games/UE_4.27/FeaturePacks/TP_2DSideScroller.upack)
[2023.01.01-08.42.13:028][  0]LogPakFile: OnPakFileMounted2Time == 0.000051
[2023.01.01-08.42.13:033][  0]LogPakFile: PakFile PrimaryIndexSize=192
[2023.01.01-08.42.13:033][  0]LogPakFile: PakFile PathHashIndexSize=101
[2023.01.01-08.42.13:033][  0]LogPakFile: PakFile FullDirectoryIndexSize=158
[2023.01.01-08.42.13:033][  0]LogShaderLibrary: Display: ShaderCodeLibraryPakFileMountedCallback: PakFile 'C:/Program Files/Epic Games/UE_4.27/FeaturePacks/TP_2DSideScrollerBP.upack' (chunk index -1, root 'root:/') mounted
[2023.01.01-08.42.13:033][  0]LogShaderLibrary: Display: ShaderCodeLibraryPakFileMountedCallback: pending pak file info (ChunkID:-1 Root:root:/ File:C:/Program Files/Epic Games/UE_4.27/FeaturePacks/TP_2DSideScrollerBP.upack)
[2023.01.01-08.42.13:033][  0]LogPakFile: OnPakFileMounted2Time == 0.000041
[2023.01.01-08.42.13:038][  0]LogPakFile: PakFile PrimaryIndexSize=182
[2023.01.01-08.42.13:038][  0]LogPakFile: PakFile PathHashIndexSize=101
[2023.01.01-08.42.13:038][  0]LogPakFile: PakFile FullDirectoryIndexSize=138
[2023.01.01-08.42.13:038][  0]LogShaderLibrary: Display: ShaderCodeLibraryPakFileMountedCallback: PakFile 'C:/Program Files/Epic Games/UE_4.27/FeaturePacks/TP_Flying.upack' (chunk index -1, root 'root:/') mounted
[2023.01.01-08.42.13:038][  0]LogShaderLibrary: Display: ShaderCodeLibraryPakFileMountedCallback: pending pak file info (ChunkID:-1 Root:root:/ File:C:/Program Files/Epic Games/UE_4.27/FeaturePacks/TP_Flying.upack)
[2023.01.01-08.42.13:038][  0]LogPakFile: OnPakFileMounted2Time == 0.000040
[2023.01.01-08.42.13:045][  0]LogPakFile: PakFile PrimaryIndexSize=184
[2023.01.01-08.42.13:045][  0]LogPakFile: PakFile PathHashIndexSize=101
[2023.01.01-08.42.13:045][  0]LogPakFile: PakFile FullDirectoryIndexSize=142
[2023.01.01-08.42.13:045][  0]LogShaderLibrary: Display: ShaderCodeLibraryPakFileMountedCallback: PakFile 'C:/Program Files/Epic Games/UE_4.27/FeaturePacks/TP_FlyingBP.upack' (chunk index -1, root 'root:/') mounted
[2023.01.01-08.42.13:045][  0]LogShaderLibrary: Display: ShaderCodeLibraryPakFileMountedCallback: pending pak file info (ChunkID:-1 Root:root:/ File:C:/Program Files/Epic Games/UE_4.27/FeaturePacks/TP_FlyingBP.upack)
[2023.01.01-08.42.13:045][  0]LogPakFile: OnPakFileMounted2Time == 0.000041
[2023.01.01-08.42.13:050][  0]LogPakFile: PakFile PrimaryIndexSize=188
[2023.01.01-08.42.13:050][  0]LogPakFile: PakFile PathHashIndexSize=101
[2023.01.01-08.42.13:050][  0]LogPakFile: PakFile FullDirectoryIndexSize=150
[2023.01.01-08.42.13:050][  0]LogShaderLibrary: Display: ShaderCodeLibraryPakFileMountedCallback: PakFile 'C:/Program Files/Epic Games/UE_4.27/FeaturePacks/TP_HandheldARBP.upack' (chunk index -1, root 'root:/') mounted
[2023.01.01-08.42.13:050][  0]LogShaderLibrary: Display: ShaderCodeLibraryPakFileMountedCallback: pending pak file info (ChunkID:-1 Root:root:/ File:C:/Program Files/Epic Games/UE_4.27/FeaturePacks/TP_HandheldARBP.upack)
[2023.01.01-08.42.13:050][  0]LogPakFile: OnPakFileMounted2Time == 0.000040
[2023.01.01-08.42.13:056][  0]LogPakFile: PakFile PrimaryIndexSize=182
[2023.01.01-08.42.13:056][  0]LogPakFile: PakFile PathHashIndexSize=101
[2023.01.01-08.42.13:056][  0]LogPakFile: PakFile FullDirectoryIndexSize=138
[2023.01.01-08.42.13:056][  0]LogShaderLibrary: Display: ShaderCodeLibraryPakFileMountedCallback: PakFile 'C:/Program Files/Epic Games/UE_4.27/FeaturePacks/TP_Puzzle.upack' (chunk index -1, root 'root:/') mounted
[2023.01.01-08.42.13:056][  0]LogShaderLibrary: Display: ShaderCodeLibraryPakFileMountedCallback: pending pak file info (ChunkID:-1 Root:root:/ File:C:/Program Files/Epic Games/UE_4.27/FeaturePacks/TP_Puzzle.upack)
[2023.01.01-08.42.13:056][  0]LogPakFile: OnPakFileMounted2Time == 0.000040
[2023.01.01-08.42.13:061][  0]LogPakFile: PakFile PrimaryIndexSize=184
[2023.01.01-08.42.13:061][  0]LogPakFile: PakFile PathHashIndexSize=101
[2023.01.01-08.42.13:061][  0]LogPakFile: PakFile FullDirectoryIndexSize=142
[2023.01.01-08.42.13:061][  0]LogShaderLibrary: Display: ShaderCodeLibraryPakFileMountedCallback: PakFile 'C:/Program Files/Epic Games/UE_4.27/FeaturePacks/TP_PuzzleBP.upack' (chunk index -1, root 'root:/') mounted
[2023.01.01-08.42.13:061][  0]LogShaderLibrary: Display: ShaderCodeLibraryPakFileMountedCallback: pending pak file info (ChunkID:-1 Root:root:/ File:C:/Program Files/Epic Games/UE_4.27/FeaturePacks/TP_PuzzleBP.upack)
[2023.01.01-08.42.13:061][  0]LogPakFile: OnPakFileMounted2Time == 0.000050
[2023.01.01-08.42.13:067][  0]LogPakFile: PakFile PrimaryIndexSize=183
[2023.01.01-08.42.13:067][  0]LogPakFile: PakFile PathHashIndexSize=101
[2023.01.01-08.42.13:067][  0]LogPakFile: PakFile FullDirectoryIndexSize=140
[2023.01.01-08.42.13:067][  0]LogShaderLibrary: Display: ShaderCodeLibraryPakFileMountedCallback: PakFile 'C:/Program Files/Epic Games/UE_4.27/FeaturePacks/TP_Rolling.upack' (chunk index -1, root 'root:/') mounted
[2023.01.01-08.42.13:067][  0]LogShaderLibrary: Display: ShaderCodeLibraryPakFileMountedCallback: pending pak file info (ChunkID:-1 Root:root:/ File:C:/Program Files/Epic Games/UE_4.27/FeaturePacks/TP_Rolling.upack)
[2023.01.01-08.42.13:067][  0]LogPakFile: OnPakFileMounted2Time == 0.000041
[2023.01.01-08.42.13:072][  0]LogPakFile: PakFile PrimaryIndexSize=185
[2023.01.01-08.42.13:072][  0]LogPakFile: PakFile PathHashIndexSize=101
[2023.01.01-08.42.13:072][  0]LogPakFile: PakFile FullDirectoryIndexSize=144
[2023.01.01-08.42.13:072][  0]LogShaderLibrary: Display: ShaderCodeLibraryPakFileMountedCallback: PakFile 'C:/Program Files/Epic Games/UE_4.27/FeaturePacks/TP_RollingBP.upack' (chunk index -1, root 'root:/') mounted
[2023.01.01-08.42.13:072][  0]LogShaderLibrary: Display: ShaderCodeLibraryPakFileMountedCallback: pending pak file info (ChunkID:-1 Root:root:/ File:C:/Program Files/Epic Games/UE_4.27/FeaturePacks/TP_RollingBP.upack)
[2023.01.01-08.42.13:072][  0]LogPakFile: OnPakFileMounted2Time == 0.000040
[2023.01.01-08.42.13:078][  0]LogPakFile: PakFile PrimaryIndexSize=188
[2023.01.01-08.42.13:078][  0]LogPakFile: PakFile PathHashIndexSize=101
[2023.01.01-08.42.13:078][  0]LogPakFile: PakFile FullDirectoryIndexSize=150
[2023.01.01-08.42.13:078][  0]LogShaderLibrary: Display: ShaderCodeLibraryPakFileMountedCallback: PakFile 'C:/Program Files/Epic Games/UE_4.27/FeaturePacks/TP_SideScroller.upack' (chunk index -1, root 'root:/') mounted
[2023.01.01-08.42.13:078][  0]LogShaderLibrary: Display: ShaderCodeLibraryPakFileMountedCallback: pending pak file info (ChunkID:-1 Root:root:/ File:C:/Program Files/Epic Games/UE_4.27/FeaturePacks/TP_SideScroller.upack)
[2023.01.01-08.42.13:078][  0]LogPakFile: OnPakFileMounted2Time == 0.000040
[2023.01.01-08.42.13:083][  0]LogPakFile: PakFile PrimaryIndexSize=190
[2023.01.01-08.42.13:083][  0]LogPakFile: PakFile PathHashIndexSize=101
[2023.01.01-08.42.13:083][  0]LogPakFile: PakFile FullDirectoryIndexSize=154
[2023.01.01-08.42.13:083][  0]LogShaderLibrary: Display: ShaderCodeLibraryPakFileMountedCallback: PakFile 'C:/Program Files/Epic Games/UE_4.27/FeaturePacks/TP_SideScrollerBP.upack' (chunk index -1, root 'root:/') mounted
[2023.01.01-08.42.13:083][  0]LogShaderLibrary: Display: ShaderCodeLibraryPakFileMountedCallback: pending pak file info (ChunkID:-1 Root:root:/ File:C:/Program Files/Epic Games/UE_4.27/FeaturePacks/TP_SideScrollerBP.upack)
[2023.01.01-08.42.13:083][  0]LogPakFile: OnPakFileMounted2Time == 0.000041
[2023.01.01-08.42.13:088][  0]LogPakFile: PakFile PrimaryIndexSize=187
[2023.01.01-08.42.13:088][  0]LogPakFile: PakFile PathHashIndexSize=101
[2023.01.01-08.42.13:088][  0]LogPakFile: PakFile FullDirectoryIndexSize=148
[2023.01.01-08.42.13:088][  0]LogShaderLibrary: Display: ShaderCodeLibraryPakFileMountedCallback: PakFile 'C:/Program Files/Epic Games/UE_4.27/FeaturePacks/TP_ThirdPerson.upack' (chunk index -1, root 'root:/') mounted
[2023.01.01-08.42.13:088][  0]LogShaderLibrary: Display: ShaderCodeLibraryPakFileMountedCallback: pending pak file info (ChunkID:-1 Root:root:/ File:C:/Program Files/Epic Games/UE_4.27/FeaturePacks/TP_ThirdPerson.upack)
[2023.01.01-08.42.13:088][  0]LogPakFile: OnPakFileMounted2Time == 0.000041
[2023.01.01-08.42.13:093][  0]LogPakFile: PakFile PrimaryIndexSize=189
[2023.01.01-08.42.13:093][  0]LogPakFile: PakFile PathHashIndexSize=101
[2023.01.01-08.42.13:093][  0]LogPakFile: PakFile FullDirectoryIndexSize=152
[2023.01.01-08.42.13:093][  0]LogShaderLibrary: Display: ShaderCodeLibraryPakFileMountedCallback: PakFile 'C:/Program Files/Epic Games/UE_4.27/FeaturePacks/TP_ThirdPersonBP.upack' (chunk index -1, root 'root:/') mounted
[2023.01.01-08.42.13:093][  0]LogShaderLibrary: Display: ShaderCodeLibraryPakFileMountedCallback: pending pak file info (ChunkID:-1 Root:root:/ File:C:/Program Files/Epic Games/UE_4.27/FeaturePacks/TP_ThirdPersonBP.upack)
[2023.01.01-08.42.13:093][  0]LogPakFile: OnPakFileMounted2Time == 0.000041
[2023.01.01-08.42.13:098][  0]LogPakFile: PakFile PrimaryIndexSize=183
[2023.01.01-08.42.13:098][  0]LogPakFile: PakFile PathHashIndexSize=101
[2023.01.01-08.42.13:098][  0]LogPakFile: PakFile FullDirectoryIndexSize=140
[2023.01.01-08.42.13:098][  0]LogShaderLibrary: Display: ShaderCodeLibraryPakFileMountedCallback: PakFile 'C:/Program Files/Epic Games/UE_4.27/FeaturePacks/TP_TopDown.upack' (chunk index -1, root 'root:/') mounted
[2023.01.01-08.42.13:098][  0]LogShaderLibrary: Display: ShaderCodeLibraryPakFileMountedCallback: pending pak file info (ChunkID:-1 Root:root:/ File:C:/Program Files/Epic Games/UE_4.27/FeaturePacks/TP_TopDown.upack)
[2023.01.01-08.42.13:098][  0]LogPakFile: OnPakFileMounted2Time == 0.000048
[2023.01.01-08.42.13:103][  0]LogPakFile: PakFile PrimaryIndexSize=185
[2023.01.01-08.42.13:103][  0]LogPakFile: PakFile PathHashIndexSize=101
[2023.01.01-08.42.13:103][  0]LogPakFile: PakFile FullDirectoryIndexSize=144
[2023.01.01-08.42.13:103][  0]LogShaderLibrary: Display: ShaderCodeLibraryPakFileMountedCallback: PakFile 'C:/Program Files/Epic Games/UE_4.27/FeaturePacks/TP_TopDownBP.upack' (chunk index -1, root 'root:/') mounted
[2023.01.01-08.42.13:104][  0]LogShaderLibrary: Display: ShaderCodeLibraryPakFileMountedCallback: pending pak file info (ChunkID:-1 Root:root:/ File:C:/Program Files/Epic Games/UE_4.27/FeaturePacks/TP_TopDownBP.upack)
[2023.01.01-08.42.13:104][  0]LogPakFile: OnPakFileMounted2Time == 0.000046
[2023.01.01-08.42.13:111][  0]LogPakFile: PakFile PrimaryIndexSize=185
[2023.01.01-08.42.13:111][  0]LogPakFile: PakFile PathHashIndexSize=101
[2023.01.01-08.42.13:111][  0]LogPakFile: PakFile FullDirectoryIndexSize=144
[2023.01.01-08.42.13:111][  0]LogShaderLibrary: Display: ShaderCodeLibraryPakFileMountedCallback: PakFile 'C:/Program Files/Epic Games/UE_4.27/FeaturePacks/TP_TwinStick.upack' (chunk index -1, root 'root:/') mounted
[2023.01.01-08.42.13:111][  0]LogShaderLibrary: Display: ShaderCodeLibraryPakFileMountedCallback: pending pak file info (ChunkID:-1 Root:root:/ File:C:/Program Files/Epic Games/UE_4.27/FeaturePacks/TP_TwinStick.upack)
[2023.01.01-08.42.13:111][  0]LogPakFile: OnPakFileMounted2Time == 0.000040
[2023.01.01-08.42.13:116][  0]LogPakFile: PakFile PrimaryIndexSize=187
[2023.01.01-08.42.13:116][  0]LogPakFile: PakFile PathHashIndexSize=101
[2023.01.01-08.42.13:116][  0]LogPakFile: PakFile FullDirectoryIndexSize=148
[2023.01.01-08.42.13:116][  0]LogShaderLibrary: Display: ShaderCodeLibraryPakFileMountedCallback: PakFile 'C:/Program Files/Epic Games/UE_4.27/FeaturePacks/TP_TwinStickBP.upack' (chunk index -1, root 'root:/') mounted
[2023.01.01-08.42.13:116][  0]LogShaderLibrary: Display: ShaderCodeLibraryPakFileMountedCallback: pending pak file info (ChunkID:-1 Root:root:/ File:C:/Program Files/Epic Games/UE_4.27/FeaturePacks/TP_TwinStickBP.upack)
[2023.01.01-08.42.13:116][  0]LogPakFile: OnPakFileMounted2Time == 0.000040
[2023.01.01-08.42.13:122][  0]LogPakFile: PakFile PrimaryIndexSize=183
[2023.01.01-08.42.13:122][  0]LogPakFile: PakFile PathHashIndexSize=101
[2023.01.01-08.42.13:122][  0]LogPakFile: PakFile FullDirectoryIndexSize=140
[2023.01.01-08.42.13:122][  0]LogShaderLibrary: Display: ShaderCodeLibraryPakFileMountedCallback: PakFile 'C:/Program Files/Epic Games/UE_4.27/FeaturePacks/TP_Vehicle.upack' (chunk index -1, root 'root:/') mounted
[2023.01.01-08.42.13:122][  0]LogShaderLibrary: Display: ShaderCodeLibraryPakFileMountedCallback: pending pak file info (ChunkID:-1 Root:root:/ File:C:/Program Files/Epic Games/UE_4.27/FeaturePacks/TP_Vehicle.upack)
[2023.01.01-08.42.13:122][  0]LogPakFile: OnPakFileMounted2Time == 0.000040
[2023.01.01-08.42.13:126][  0]LogPakFile: PakFile PrimaryIndexSize=186
[2023.01.01-08.42.13:126][  0]LogPakFile: PakFile PathHashIndexSize=101
[2023.01.01-08.42.13:126][  0]LogPakFile: PakFile FullDirectoryIndexSize=146
[2023.01.01-08.42.13:126][  0]LogShaderLibrary: Display: ShaderCodeLibraryPakFileMountedCallback: PakFile 'C:/Program Files/Epic Games/UE_4.27/FeaturePacks/TP_VehicleAdv.upack' (chunk index -1, root 'root:/') mounted
[2023.01.01-08.42.13:126][  0]LogShaderLibrary: Display: ShaderCodeLibraryPakFileMountedCallback: pending pak file info (ChunkID:-1 Root:root:/ File:C:/Program Files/Epic Games/UE_4.27/FeaturePacks/TP_VehicleAdv.upack)
[2023.01.01-08.42.13:126][  0]LogPakFile: OnPakFileMounted2Time == 0.000038
[2023.01.01-08.42.13:132][  0]LogPakFile: PakFile PrimaryIndexSize=188
[2023.01.01-08.42.13:132][  0]LogPakFile: PakFile PathHashIndexSize=101
[2023.01.01-08.42.13:132][  0]LogPakFile: PakFile FullDirectoryIndexSize=150
[2023.01.01-08.42.13:132][  0]LogShaderLibrary: Display: ShaderCodeLibraryPakFileMountedCallback: PakFile 'C:/Program Files/Epic Games/UE_4.27/FeaturePacks/TP_VehicleAdvBP.upack' (chunk index -1, root 'root:/') mounted
[2023.01.01-08.42.13:132][  0]LogShaderLibrary: Display: ShaderCodeLibraryPakFileMountedCallback: pending pak file info (ChunkID:-1 Root:root:/ File:C:/Program Files/Epic Games/UE_4.27/FeaturePacks/TP_VehicleAdvBP.upack)
[2023.01.01-08.42.13:132][  0]LogPakFile: OnPakFileMounted2Time == 0.000054
[2023.01.01-08.42.13:137][  0]LogPakFile: PakFile PrimaryIndexSize=185
[2023.01.01-08.42.13:137][  0]LogPakFile: PakFile PathHashIndexSize=101
[2023.01.01-08.42.13:137][  0]LogPakFile: PakFile FullDirectoryIndexSize=144
[2023.01.01-08.42.13:137][  0]LogShaderLibrary: Display: ShaderCodeLibraryPakFileMountedCallback: PakFile 'C:/Program Files/Epic Games/UE_4.27/FeaturePacks/TP_VehicleBP.upack' (chunk index -1, root 'root:/') mounted
[2023.01.01-08.42.13:137][  0]LogShaderLibrary: Display: ShaderCodeLibraryPakFileMountedCallback: pending pak file info (ChunkID:-1 Root:root:/ File:C:/Program Files/Epic Games/UE_4.27/FeaturePacks/TP_VehicleBP.upack)
[2023.01.01-08.42.13:137][  0]LogPakFile: OnPakFileMounted2Time == 0.000041
[2023.01.01-08.42.13:142][  0]LogPakFile: PakFile PrimaryIndexSize=192
[2023.01.01-08.42.13:142][  0]LogPakFile: PakFile PathHashIndexSize=101
[2023.01.01-08.42.13:142][  0]LogPakFile: PakFile FullDirectoryIndexSize=158
[2023.01.01-08.42.13:142][  0]LogShaderLibrary: Display: ShaderCodeLibraryPakFileMountedCallback: PakFile 'C:/Program Files/Epic Games/UE_4.27/FeaturePacks/TP_VirtualRealityBP.upack' (chunk index -1, root 'root:/') mounted
[2023.01.01-08.42.13:142][  0]LogShaderLibrary: Display: ShaderCodeLibraryPakFileMountedCallback: pending pak file info (ChunkID:-1 Root:root:/ File:C:/Program Files/Epic Games/UE_4.27/FeaturePacks/TP_VirtualRealityBP.upack)
[2023.01.01-08.42.13:142][  0]LogPakFile: OnPakFileMounted2Time == 0.000037
[2023.01.01-08.42.13:314][  0]LogNativeClassHierarchy: Verbose: Native class hierarchy updated for 'AddContentDialog' in 0.0002 seconds. Added 0 classes and 0 folders.
[2023.01.01-08.42.13:315][  0]LogNativeClassHierarchy: Verbose: Native class hierarchy updated for 'SceneOutliner' in 0.0002 seconds. Added 2 classes and 0 folders.
[2023.01.01-08.42.13:349][  0]LogSlate: Took 0.005352 seconds to synchronously load lazily loaded font '../../../Engine/Content/Editor/Slate/Fonts/FontAwesome.ttf' (139K)
[2023.01.01-08.42.13:351][  0]LogSlate: Took 0.001413 seconds to synchronously load lazily loaded font '../../../Engine/Content/Editor/Slate/Fonts/NanumGothicBold.ttf' (4188K)
[2023.01.01-08.42.13:351][  0]LogSlate: Took 0.000098 seconds to synchronously load lazily loaded font '../../../Engine/Content/Slate/Fonts/Roboto-Bold.ttf' (160K)
[2023.01.01-08.42.13:506][  0]LogRenderer: Reallocating scene render targets to support 1208x572 Format 10 NumSamples 1 (Frame:1).
[2023.01.01-08.42.13:567][  0]LogNativeClassHierarchy: Verbose: Native class hierarchy updated for 'HierarchicalLODOutliner' in 0.0003 seconds. Added 0 classes and 0 folders.
[2023.01.01-08.42.13:567][  0]LogLoad: (Engine Initialization) Total time: 19.00 seconds
[2023.01.01-08.42.13:567][  0]LogLoad: (Engine Initialization) Total Blueprint compile time: 0.00 seconds
[2023.01.01-08.42.13:607][  0]LogAssetRegistry: Asset discovery search completed in 16.1265 seconds
[2023.01.01-08.42.13:612][  0]LogCollectionManager: Fixed up redirectors for 0 collections in 0.000003 seconds (updated 0 objects)
[2023.01.01-08.42.13:619][  0]LogContentStreaming: Texture pool size now 1000 MB
[2023.01.01-08.42.13:691][  7]LogSlate: Took 0.000853 seconds to synchronously load lazily loaded font '../../../Engine/Content/Slate/Fonts/Roboto-Light.ttf' (167K)
[2023.01.01-08.42.14:583][113]LogSlate: Took 0.000146 seconds to synchronously load lazily loaded font '../../../Engine/Content/Slate/Fonts/Roboto-Light.ttf' (167K)
[2023.01.01-08.42.18:833][594]LogAssetEditorSubsystem: Opening Asset editor for Blueprint /Game/Blueprints/BP_Creature.BP_Creature
[2023.01.01-08.42.19:488][594]LogNativeClassHierarchy: Verbose: Native class hierarchy updated for 'BlueprintGraph' in 0.0005 seconds. Added 126 classes and 0 folders.
[2023.01.01-08.42.20:304][594]LogAssetEditorSubsystem: Opening Asset editor for Blueprint /Game/Blueprints/BP_Knight.BP_Knight
[2023.01.01-08.42.20:582][594]LogAssetEditorSubsystem: Opening Asset editor for Blueprint /Game/Blueprints/BP_Monster.BP_Monster
[2023.01.01-08.42.20:859][594]LogAssetEditorSubsystem: Opening Asset editor for Blueprint /Game/Blueprints/BP_Skeleton.BP_Skeleton
[2023.01.01-08.42.21:139][594]LogAssetEditorSubsystem: Opening Asset editor for UserDefinedStruct /Game/Blueprints/Data/CreatureData.CreatureData
[2023.01.01-08.42.21:180][594]LogAssetEditorSubsystem: Opening Asset editor for DataTable /Game/Blueprints/Data/CreatureDataTable.CreatureDataTable
[2023.01.01-08.42.21:485][594]LogSlate: Took 0.000142 seconds to synchronously load lazily loaded font '../../../Engine/Content/Slate/Fonts/Roboto-BoldCondensed.ttf' (158K)
[2023.01.01-08.42.23:121][767]LogSlate: Took 0.004390 seconds to synchronously load lazily loaded font '../../../Engine/Content/Slate/Fonts/Roboto-Italic.ttf' (157K)
[2023.01.01-08.42.27:480][219]LogSlate: Window 'BP_Skeleton' being destroyed
[2023.01.01-08.42.38:416][511]LogTemp: Repeating last play command: 선택된 뷰포트
[2023.01.01-08.42.38:420][511]LogPlayLevel: PlayLevel: No blueprints needed recompiling
[2023.01.01-08.42.38:421][511]PIE: New page: PIE 세션: DevMap (2023. 1. 2. 오전 2:42:38)
[2023.01.01-08.42.38:422][511]LogOnline: OSS: Creating online subsystem instance for: NULL
[2023.01.01-08.42.38:423][511]LogOnline: OSS: TryLoadSubsystemAndSetDefault: Loaded subsystem for module [NULL]
[2023.01.01-08.42.38:423][511]LogPlayLevel: Creating play world package: /Game/Maps/UEDPIE_0_DevMap
[2023.01.01-08.42.38:425][511]LogPlayLevel: PIE: StaticDuplicateObject took: (0.001653s)
[2023.01.01-08.42.38:425][511]LogAIModule: Creating AISystem for world DevMap
[2023.01.01-08.42.38:426][511]LogPlayLevel: PIE: World Init took: (0.000910s)
[2023.01.01-08.42.38:426][511]LogPlayLevel: PIE: Created PIE world by copying editor world from /Game/Maps/DevMap.DevMap to /Game/Maps/UEDPIE_0_DevMap.DevMap (0.002668s)
[2023.01.01-08.42.38:472][511]LogUObjectHash: Compacting FUObjectHashTables data took   3.35ms
[2023.01.01-08.42.38:474][511]LogAudio: Display: Creating Audio Device:                 Id: 2, Scope: Unique, Realtime: True
[2023.01.01-08.42.38:474][511]LogAudioMixer: Display: Audio Mixer Platform Settings:
[2023.01.01-08.42.38:474][511]LogAudioMixer: Display: 	Sample Rate:						  48000
[2023.01.01-08.42.38:474][511]LogAudioMixer: Display: 	Callback Buffer Frame Size Requested: 1024
[2023.01.01-08.42.38:474][511]LogAudioMixer: Display: 	Callback Buffer Frame Size To Use:	  1024
[2023.01.01-08.42.38:474][511]LogAudioMixer: Display: 	Number of buffers to queue:			  2
[2023.01.01-08.42.38:474][511]LogAudioMixer: Display: 	Max Channels (voices):				  32
[2023.01.01-08.42.38:474][511]LogAudioMixer: Display: 	Number of Async Source Workers:		  0
[2023.01.01-08.42.38:474][511]LogAudio: Display: AudioDevice MaxSources: 32
[2023.01.01-08.42.38:474][511]LogAudio: Display: Audio Spatialization Plugin: None (built-in).
[2023.01.01-08.42.38:474][511]LogAudio: Display: Audio Reverb Plugin: None (built-in).
[2023.01.01-08.42.38:474][511]LogAudio: Display: Audio Occlusion Plugin: None (built-in).
[2023.01.01-08.42.38:474][511]LogAudioMixer: Display: Initializing audio mixer.
[2023.01.01-08.42.38:477][511]LogAudioMixer: Display: 0: FrontLeft
[2023.01.01-08.42.38:477][511]LogAudioMixer: Display: 1: FrontRight
[2023.01.01-08.42.38:486][511]LogAudioMixer: Display: Using Audio Device 스피커(2- USB PnP Audio Device(EEPROM))
[2023.01.01-08.42.38:486][511]LogAudioMixer: Display: Initializing Sound Submixes...
[2023.01.01-08.42.38:486][511]LogAudioMixer: Display: Creating Master Submix 'MasterSubmixDefault'
[2023.01.01-08.42.38:486][511]LogAudioMixer: Display: Creating Master Submix 'MasterReverbSubmixDefault'
[2023.01.01-08.42.38:487][511]LogAudioMixer: Display: Creating Master Submix 'MasterEQSubmixDefault'
[2023.01.01-08.42.38:487][511]LogAudioMixer: FMixerPlatformXAudio2::StartAudioStream() called
[2023.01.01-08.42.38:487][511]LogAudioMixer: Display: Output buffers initialized: Frames=1024, Channels=2, Samples=2048
[2023.01.01-08.42.38:488][511]LogAudioMixer: Display: Starting AudioMixerPlatformInterface::RunInternal()
[2023.01.01-08.42.38:488][511]LogAudioMixer: Display: FMixerPlatformXAudio2::SubmitBuffer() called for the first time
[2023.01.01-08.42.38:488][511]LogInit: FAudioDevice initialized.
[2023.01.01-08.42.38:488][511]LogAudio: Display: Audio Device (ID: 2) registered with world 'DevMap'.
[2023.01.01-08.42.38:494][511]LogLoad: Game class is 'GameModeBase'
[2023.01.01-08.42.38:495][511]LogWorld: Bringing World /Game/Maps/UEDPIE_0_DevMap.DevMap up for play (max tick rate 0) at 2023.01.01-17.42.38
[2023.01.01-08.42.38:496][511]LogWorld: Bringing up level for play took: 0.000737
[2023.01.01-08.42.38:496][511]LogOnline: OSS: Creating online subsystem instance for: :Context_5
[2023.01.01-08.42.38:499][511]LogNativeClassHierarchy: Verbose: Native class hierarchy updated for 'MovieSceneCapture' in 0.0003 seconds. Added 20 classes and 0 folders.
[2023.01.01-08.42.38:499][511]PIE: 서버가 로그인했습니다.
[2023.01.01-08.42.38:501][511]PIE: 에디터에서 플레이 총 시작 시간 0.081초입니다.
[2023.01.01-08.42.41:019][782]LogBlueprintUserMessages: [BP_Knight_5] 40
[2023.01.01-08.42.41:660][859]LogBlueprintUserMessages: [BP_Knight_5] 30
[2023.01.01-08.42.42:452][954]LogBlueprintUserMessages: [BP_Knight_5] 20
[2023.01.01-08.42.43:160][ 39]LogBlueprintUserMessages: [BP_Knight_5] 10
[2023.01.01-08.42.43:808][112]LogSlate: Updating window title bar state: overlay mode, drag disabled, window buttons hidden, title bar hidden
[2023.01.01-08.42.43:808][112]LogWorld: BeginTearingDown for /Game/Maps/UEDPIE_0_DevMap
[2023.01.01-08.42.43:808][112]LogWorld: UWorld::CleanupWorld for DevMap, bSessionEnded=true, bCleanupResources=true
[2023.01.01-08.42.43:808][112]LogSlate: InvalidateAllWidgets triggered.  All widgets were invalidated
[2023.01.01-08.42.43:815][112]LogPlayLevel: Display: Shutting down PIE online subsystems
[2023.01.01-08.42.43:820][112]LogSlate: InvalidateAllWidgets triggered.  All widgets were invalidated
[2023.01.01-08.42.43:848][112]LogAudio: Display: Audio Device unregistered from world 'None'.
[2023.01.01-08.42.43:848][112]LogAudioMixer: FMixerPlatformXAudio2::StopAudioStream() called
[2023.01.01-08.42.43:849][112]LogAudioMixer: FMixerPlatformXAudio2::StopAudioStream() called
[2023.01.01-08.42.43:851][112]LogSlate: Updating window title bar state: overlay mode, drag disabled, window buttons hidden, title bar hidden
[2023.01.01-08.42.43:887][112]LogUObjectHash: Compacting FUObjectHashTables data took   3.65ms
[2023.01.01-08.42.43:903][113]LogPlayLevel: Display: Destroying online subsystem :Context_5
[2023.01.01-08.45.52:892][407]LogAudioMixer: Warning: Changing default audio render device to new device: {0.0.0.00000000}.{c8eb4aab-3266-41e9-b9d3-0b6aaca1101d}.
[2023.01.01-08.45.52:892][407]LogAudioMixer: Resetting audio stream to device id 
[2023.01.01-08.45.52:898][407]LogAudioMixer: Display: 0: FrontLeft
[2023.01.01-08.45.52:898][407]LogAudioMixer: Display: 1: FrontRight
